mode: atomic
github.com/pandasoft-zz/glut/schema/schema.go:19.65,24.16 4 6
github.com/pandasoft-zz/glut/schema/schema.go:24.16,26.3 1 0
github.com/pandasoft-zz/glut/schema/schema.go:27.2,27.20 1 6
github.com/pandasoft-zz/glut/schema/schema.go:27.20,29.3 1 1
github.com/pandasoft-zz/glut/schema/schema.go:31.2,32.48 2 5
github.com/pandasoft-zz/glut/schema/schema.go:32.48,37.3 1 9
github.com/pandasoft-zz/glut/schema/schema.go:38.2,38.20 1 5
github.com/pandasoft-zz/glut/schema/schema.go:41.66,42.66 1 2
github.com/pandasoft-zz/glut/schema/schema.go:42.66,44.3 1 1
github.com/pandasoft-zz/glut/schema/schema.go:45.2,45.82 1 1
github.com/pandasoft-zz/glut/internal/mockserver/recorder.go:22.41,28.2 4 45
github.com/pandasoft-zz/glut/internal/mockserver/recorder.go:30.38,35.31 4 3
github.com/pandasoft-zz/glut/internal/mockserver/recorder.go:35.31,38.3 2 9
github.com/pandasoft-zz/glut/internal/mockserver/recorder.go:39.2,39.14 1 3
github.com/pandasoft-zz/glut/internal/mockserver/recorder.go:42.79,47.31 4 2
github.com/pandasoft-zz/glut/internal/mockserver/recorder.go:47.31,48.28 1 2
github.com/pandasoft-zz/glut/internal/mockserver/recorder.go:48.28,49.12 1 1
github.com/pandasoft-zz/glut/internal/mockserver/recorder.go:51.3,51.43 1 1
github.com/pandasoft-zz/glut/internal/mockserver/recorder.go:51.43,52.12 1 0
github.com/pandasoft-zz/glut/internal/mockserver/recorder.go:54.3,55.34 2 1
github.com/pandasoft-zz/glut/internal/mockserver/recorder.go:57.2,57.16 1 2
github.com/pandasoft-zz/glut/internal/mockserver/recorder.go:60.52,63.41 3 3
github.com/pandasoft-zz/glut/internal/mockserver/recorder.go:63.41,65.3 1 1
github.com/pandasoft-zz/glut/internal/mockserver/recorder.go:67.2,67.30 1 2
github.com/pandasoft-zz/glut/internal/mockserver/recorder.go:67.30,68.29 1 8
github.com/pandasoft-zz/glut/internal/mockserver/recorder.go:68.29,69.12 1 2
github.com/pandasoft-zz/glut/internal/mockserver/recorder.go:71.3,71.38 1 6
github.com/pandasoft-zz/glut/internal/mockserver/recorder.go:71.38,73.4 1 0
github.com/pandasoft-zz/glut/internal/mockserver/recorder.go:75.2,75.13 1 2
github.com/pandasoft-zz/glut/internal/mockserver/recorder.go:78.38,80.16 2 7
github.com/pandasoft-zz/glut/internal/mockserver/recorder.go:80.16,82.3 1 1
github.com/pandasoft-zz/glut/internal/mockserver/recorder.go:83.2,83.33 1 6
github.com/pandasoft-zz/glut/internal/mockserver/resources.go:33.44,34.57 1 35
github.com/pandasoft-zz/glut/internal/mockserver/resources.go:34.57,36.3 1 33
github.com/pandasoft-zz/glut/internal/mockserver/resources.go:37.2,37.13 1 2
github.com/pandasoft-zz/glut/internal/mockserver/resources.go:40.52,41.18 1 32
github.com/pandasoft-zz/glut/internal/mockserver/resources.go:42.18,47.4 1 24
github.com/pandasoft-zz/glut/internal/mockserver/resources.go:48.24,54.4 1 1
github.com/pandasoft-zz/glut/internal/mockserver/resources.go:55.25,59.4 1 1
github.com/pandasoft-zz/glut/internal/mockserver/resources.go:60.29,64.4 1 2
github.com/pandasoft-zz/glut/internal/mockserver/resources.go:65.16,70.4 1 2
github.com/pandasoft-zz/glut/internal/mockserver/resources.go:71.19,75.4 1 1
github.com/pandasoft-zz/glut/internal/mockserver/resources.go:76.10,79.4 1 1
github.com/pandasoft-zz/glut/internal/mockserver/server.go:33.54,35.21 2 13
github.com/pandasoft-zz/glut/internal/mockserver/server.go:35.21,37.3 1 2
github.com/pandasoft-zz/glut/internal/mockserver/server.go:39.2,43.8 1 13
github.com/pandasoft-zz/glut/internal/mockserver/server.go:46.32,50.29 3 12
github.com/pandasoft-zz/glut/internal/mockserver/server.go:50.29,52.3 1 0
github.com/pandasoft-zz/glut/internal/mockserver/server.go:54.2,55.16 2 12
github.com/pandasoft-zz/glut/internal/mockserver/server.go:55.16,57.3 1 0
github.com/pandasoft-zz/glut/internal/mockserver/server.go:59.2,70.12 7 12
github.com/pandasoft-zz/glut/internal/mockserver/server.go:70.12,72.3 1 12
github.com/pandasoft-zz/glut/internal/mockserver/server.go:74.2,74.12 1 12
github.com/pandasoft-zz/glut/internal/mockserver/server.go:77.31,79.46 2 24
github.com/pandasoft-zz/glut/internal/mockserver/server.go:79.46,83.3 3 12
github.com/pandasoft-zz/glut/internal/mockserver/server.go:84.2,90.45 6 12
github.com/pandasoft-zz/glut/internal/mockserver/server.go:90.45,92.3 1 0
github.com/pandasoft-zz/glut/internal/mockserver/server.go:93.2,93.12 1 12
github.com/pandasoft-zz/glut/internal/mockserver/server.go:96.29,101.2 3 43
github.com/pandasoft-zz/glut/internal/mockserver/server.go:103.39,105.2 1 2
github.com/pandasoft-zz/glut/internal/mockserver/server.go:107.65,108.54 1 12
github.com/pandasoft-zz/glut/internal/mockserver/server.go:108.54,111.17 3 43
github.com/pandasoft-zz/glut/internal/mockserver/server.go:111.17,120.4 3 0
github.com/pandasoft-zz/glut/internal/mockserver/server.go:121.3,131.5 3 43
github.com/pandasoft-zz/glut/internal/mockserver/server.go:135.65,137.61 2 43
github.com/pandasoft-zz/glut/internal/mockserver/server.go:137.61,143.3 2 1
github.com/pandasoft-zz/glut/internal/mockserver/server.go:145.2,145.22 1 42
github.com/pandasoft-zz/glut/internal/mockserver/server.go:145.22,148.3 2 2
github.com/pandasoft-zz/glut/internal/mockserver/server.go:149.2,149.40 1 40
github.com/pandasoft-zz/glut/internal/mockserver/server.go:149.40,152.3 2 1
github.com/pandasoft-zz/glut/internal/mockserver/server.go:154.2,154.81 1 39
github.com/pandasoft-zz/glut/internal/mockserver/server.go:154.81,157.3 2 1
github.com/pandasoft-zz/glut/internal/mockserver/server.go:159.2,160.41 2 38
github.com/pandasoft-zz/glut/internal/mockserver/server.go:160.41,163.3 2 0
github.com/pandasoft-zz/glut/internal/mockserver/server.go:165.2,165.46 1 38
github.com/pandasoft-zz/glut/internal/mockserver/server.go:165.46,168.3 2 5
github.com/pandasoft-zz/glut/internal/mockserver/server.go:170.2,170.50 1 33
github.com/pandasoft-zz/glut/internal/mockserver/server.go:170.50,172.3 1 3
github.com/pandasoft-zz/glut/internal/mockserver/server.go:173.2,173.34 1 30
github.com/pandasoft-zz/glut/internal/mockserver/server.go:173.34,175.3 1 29
github.com/pandasoft-zz/glut/internal/mockserver/server.go:177.2,177.18 1 1
github.com/pandasoft-zz/glut/internal/mockserver/server.go:180.57,190.2 2 1
github.com/pandasoft-zz/glut/internal/mockserver/server.go:192.55,200.2 2 5
github.com/pandasoft-zz/glut/internal/mockserver/server.go:202.107,203.66 1 33
github.com/pandasoft-zz/glut/internal/mockserver/server.go:203.66,205.10 2 1
github.com/pandasoft-zz/glut/internal/mockserver/server.go:205.10,207.4 1 0
github.com/pandasoft-zz/glut/internal/mockserver/server.go:208.3,215.14 2 1
github.com/pandasoft-zz/glut/internal/mockserver/server.go:218.2,218.116 1 32
github.com/pandasoft-zz/glut/internal/mockserver/server.go:218.116,220.10 2 1
github.com/pandasoft-zz/glut/internal/mockserver/server.go:220.10,222.4 1 0
github.com/pandasoft-zz/glut/internal/mockserver/server.go:223.3,227.14 2 1
github.com/pandasoft-zz/glut/internal/mockserver/server.go:230.2,230.118 1 31
github.com/pandasoft-zz/glut/internal/mockserver/server.go:230.118,235.3 2 1
github.com/pandasoft-zz/glut/internal/mockserver/server.go:237.2,237.14 1 30
github.com/pandasoft-zz/glut/internal/mockserver/server.go:240.91,241.44 1 31
github.com/pandasoft-zz/glut/internal/mockserver/server.go:241.44,242.19 1 159
github.com/pandasoft-zz/glut/internal/mockserver/server.go:242.19,243.20 1 24
github.com/pandasoft-zz/glut/internal/mockserver/server.go:244.24,245.56 1 1
github.com/pandasoft-zz/glut/internal/mockserver/server.go:246.25,248.12 2 22
github.com/pandasoft-zz/glut/internal/mockserver/server.go:248.12,250.6 1 1
github.com/pandasoft-zz/glut/internal/mockserver/server.go:251.5,251.69 1 21
github.com/pandasoft-zz/glut/internal/mockserver/server.go:252.12,253.21 1 1
github.com/pandasoft-zz/glut/internal/mockserver/server.go:255.4,255.15 1 23
github.com/pandasoft-zz/glut/internal/mockserver/server.go:258.3,259.38 2 135
github.com/pandasoft-zz/glut/internal/mockserver/server.go:259.38,261.18 2 6
github.com/pandasoft-zz/glut/internal/mockserver/server.go:261.18,264.5 2 1
github.com/pandasoft-zz/glut/internal/mockserver/server.go:265.4,265.20 1 5
github.com/pandasoft-zz/glut/internal/mockserver/server.go:266.24,268.12 2 3
github.com/pandasoft-zz/glut/internal/mockserver/server.go:268.12,271.6 2 1
github.com/pandasoft-zz/glut/internal/mockserver/server.go:272.5,272.37 1 2
github.com/pandasoft-zz/glut/internal/mockserver/server.go:273.24,275.12 2 1
github.com/pandasoft-zz/glut/internal/mockserver/server.go:275.12,277.6 1 0
github.com/pandasoft-zz/glut/internal/mockserver/server.go:278.5,279.12 2 1
github.com/pandasoft-zz/glut/internal/mockserver/server.go:279.12,282.6 2 0
github.com/pandasoft-zz/glut/internal/mockserver/server.go:283.5,283.37 1 1
github.com/pandasoft-zz/glut/internal/mockserver/server.go:284.27,285.38 1 1
github.com/pandasoft-zz/glut/internal/mockserver/server.go:285.38,288.6 2 0
github.com/pandasoft-zz/glut/internal/mockserver/server.go:289.5,289.75 1 1
github.com/pandasoft-zz/glut/internal/mockserver/server.go:290.12,291.21 1 0
github.com/pandasoft-zz/glut/internal/mockserver/server.go:293.4,293.15 1 4
github.com/pandasoft-zz/glut/internal/mockserver/server.go:296.2,296.14 1 1
github.com/pandasoft-zz/glut/internal/mockserver/server.go:299.51,301.18 2 42
github.com/pandasoft-zz/glut/internal/mockserver/server.go:301.18,303.3 1 1
github.com/pandasoft-zz/glut/internal/mockserver/server.go:304.2,304.107 1 41
github.com/pandasoft-zz/glut/internal/mockserver/server.go:307.39,309.28 2 29
github.com/pandasoft-zz/glut/internal/mockserver/server.go:309.28,311.3 1 28
github.com/pandasoft-zz/glut/internal/mockserver/server.go:312.2,312.37 1 1
github.com/pandasoft-zz/glut/internal/mockserver/server.go:312.37,313.21 1 1
github.com/pandasoft-zz/glut/internal/mockserver/server.go:313.21,315.4 1 0
github.com/pandasoft-zz/glut/internal/mockserver/server.go:317.2,317.14 1 1
github.com/pandasoft-zz/glut/internal/mockserver/server.go:320.48,322.2 1 40
github.com/pandasoft-zz/glut/internal/mockserver/server.go:324.51,325.24 1 73
github.com/pandasoft-zz/glut/internal/mockserver/server.go:325.24,327.3 1 68
github.com/pandasoft-zz/glut/internal/mockserver/server.go:328.2,328.21 1 5
github.com/pandasoft-zz/glut/internal/mockserver/server.go:331.66,333.38 2 40
github.com/pandasoft-zz/glut/internal/mockserver/server.go:333.38,335.3 1 1
github.com/pandasoft-zz/glut/internal/mockserver/server.go:337.2,338.44 2 39
github.com/pandasoft-zz/glut/internal/mockserver/server.go:338.44,339.18 1 40
github.com/pandasoft-zz/glut/internal/mockserver/server.go:339.18,341.4 1 5
github.com/pandasoft-zz/glut/internal/mockserver/server.go:342.3,342.39 1 35
github.com/pandasoft-zz/glut/internal/mockserver/server.go:342.39,344.4 1 34
github.com/pandasoft-zz/glut/internal/mockserver/server.go:346.2,346.22 1 0
github.com/pandasoft-zz/glut/internal/mockserver/server.go:349.56,350.44 1 40
github.com/pandasoft-zz/glut/internal/mockserver/server.go:350.44,351.22 1 42
github.com/pandasoft-zz/glut/internal/mockserver/server.go:351.22,353.4 1 40
github.com/pandasoft-zz/glut/internal/mockserver/server.go:355.2,355.14 1 0
github.com/pandasoft-zz/glut/internal/mockserver/server.go:358.48,360.2 1 79
github.com/pandasoft-zz/glut/internal/mockserver/server.go:362.44,363.54 1 85
github.com/pandasoft-zz/glut/internal/mockserver/server.go:363.54,365.3 1 20
github.com/pandasoft-zz/glut/internal/mockserver/server.go:366.2,366.27 1 65
github.com/pandasoft-zz/glut/internal/mockserver/server.go:369.41,370.63 1 6
github.com/pandasoft-zz/glut/internal/mockserver/server.go:370.63,372.3 1 3
github.com/pandasoft-zz/glut/internal/mockserver/server.go:373.2,373.33 1 3
github.com/pandasoft-zz/glut/internal/mockserver/server.go:376.78,382.2 1 2
github.com/pandasoft-zz/glut/internal/mockserver/server.go:384.82,385.19 1 28
github.com/pandasoft-zz/glut/internal/mockserver/server.go:385.19,387.3 1 0
github.com/pandasoft-zz/glut/internal/mockserver/server.go:389.2,390.79 2 28
github.com/pandasoft-zz/glut/internal/mockserver/server.go:390.79,393.3 2 2
github.com/pandasoft-zz/glut/internal/mockserver/server.go:394.2,394.17 1 26
github.com/pandasoft-zz/glut/internal/mockserver/server.go:394.17,396.3 1 2
github.com/pandasoft-zz/glut/internal/mockserver/server.go:397.2,397.19 1 26
github.com/pandasoft-zz/glut/internal/mockserver/server.go:400.66,403.57 3 48
github.com/pandasoft-zz/glut/internal/mockserver/server.go:403.57,405.3 1 1
github.com/pandasoft-zz/glut/internal/mockserver/server.go:408.43,410.2 1 4
github.com/pandasoft-zz/glut/internal/mockserver/server.go:412.38,415.2 2 6
github.com/pandasoft-zz/glut/internal/mockserver/server.go:422.54,425.2 2 44
github.com/pandasoft-zz/glut/internal/mockserver/store.go:13.40,17.2 1 14
github.com/pandasoft-zz/glut/internal/mockserver/store.go:19.64,25.29 5 2
github.com/pandasoft-zz/glut/internal/mockserver/store.go:25.29,27.3 1 21
github.com/pandasoft-zz/glut/internal/mockserver/store.go:28.2,28.15 1 2
github.com/pandasoft-zz/glut/internal/mockserver/store.go:31.77,36.15 4 3
github.com/pandasoft-zz/glut/internal/mockserver/store.go:36.15,38.3 1 1
github.com/pandasoft-zz/glut/internal/mockserver/store.go:39.2,39.53 1 2
github.com/pandasoft-zz/glut/internal/mockserver/store.go:42.84,51.2 7 25
github.com/pandasoft-zz/glut/internal/mockserver/store.go:53.100,58.15 4 1
github.com/pandasoft-zz/glut/internal/mockserver/store.go:58.15,60.3 1 0
github.com/pandasoft-zz/glut/internal/mockserver/store.go:62.2,66.34 5 1
github.com/pandasoft-zz/glut/internal/mockserver/store.go:69.62,74.15 4 1
github.com/pandasoft-zz/glut/internal/mockserver/store.go:74.15,76.3 1 0
github.com/pandasoft-zz/glut/internal/mockserver/store.go:78.2,80.13 3 1
github.com/pandasoft-zz/glut/internal/mockserver/store.go:83.65,85.43 2 5
github.com/pandasoft-zz/glut/internal/mockserver/store.go:85.43,86.53 1 4
github.com/pandasoft-zz/glut/internal/mockserver/store.go:86.53,88.4 1 4
github.com/pandasoft-zz/glut/internal/mockserver/store.go:90.2,90.11 1 1
github.com/pandasoft-zz/glut/internal/mockserver/store.go:93.89,95.34 2 26
github.com/pandasoft-zz/glut/internal/mockserver/store.go:95.34,97.3 1 25
github.com/pandasoft-zz/glut/internal/mockserver/store.go:98.2,98.47 1 1
github.com/pandasoft-zz/glut/internal/mockserver/store.go:98.47,100.3 1 1
github.com/pandasoft-zz/glut/internal/mockserver/store.go:103.83,104.41 1 2
github.com/pandasoft-zz/glut/internal/mockserver/store.go:104.41,105.31 1 6
github.com/pandasoft-zz/glut/internal/mockserver/store.go:105.31,107.4 1 2
github.com/pandasoft-zz/glut/internal/mockserver/store.go:111.52,113.30 2 76
github.com/pandasoft-zz/glut/internal/mockserver/store.go:113.30,115.3 1 228
github.com/pandasoft-zz/glut/internal/mockserver/store.go:116.2,116.13 1 76
github.com/pandasoft-zz/glut/internal/mockserver/store.go:119.58,120.30 1 26
github.com/pandasoft-zz/glut/internal/mockserver/store.go:120.30,122.3 1 50
github.com/pandasoft-zz/glut/internal/mockserver/store.go:125.56,127.30 2 2
github.com/pandasoft-zz/glut/internal/mockserver/store.go:127.30,129.3 1 4
github.com/pandasoft-zz/glut/internal/mockserver/store.go:130.2,130.12 1 2
github.com/pandasoft-zz/glut/internal/executor/executor.go:58.70,59.43 1 4
github.com/pandasoft-zz/glut/internal/executor/executor.go:59.43,61.3 1 0
github.com/pandasoft-zz/glut/internal/executor/executor.go:63.2,73.16 6 4
github.com/pandasoft-zz/glut/internal/executor/executor.go:73.16,74.56 1 3
github.com/pandasoft-zz/glut/internal/executor/executor.go:74.56,76.4 1 1
github.com/pandasoft-zz/glut/internal/executor/executor.go:77.3,77.27 1 2
github.com/pandasoft-zz/glut/internal/executor/executor.go:77.27,79.4 1 1
github.com/pandasoft-zz/glut/internal/executor/executor.go:80.3,80.60 1 1
github.com/pandasoft-zz/glut/internal/executor/executor.go:83.2,83.20 1 1
github.com/pandasoft-zz/glut/internal/executor/executor.go:86.74,87.43 1 3
github.com/pandasoft-zz/glut/internal/executor/executor.go:87.43,89.3 1 0
github.com/pandasoft-zz/glut/internal/executor/executor.go:91.2,96.16 5 3
github.com/pandasoft-zz/glut/internal/executor/executor.go:96.16,97.56 1 2
github.com/pandasoft-zz/glut/internal/executor/executor.go:97.56,99.4 1 1
github.com/pandasoft-zz/glut/internal/executor/executor.go:100.3,100.63 1 1
github.com/pandasoft-zz/glut/internal/executor/executor.go:103.2,103.42 1 1
github.com/pandasoft-zz/glut/internal/executor/executor.go:106.54,121.30 4 1
github.com/pandasoft-zz/glut/internal/executor/executor.go:121.30,123.54 2 4
github.com/pandasoft-zz/glut/internal/executor/executor.go:123.54,124.21 1 1
github.com/pandasoft-zz/glut/internal/executor/executor.go:124.21,126.13 2 1
github.com/pandasoft-zz/glut/internal/executor/executor.go:128.4,128.140 1 0
github.com/pandasoft-zz/glut/internal/executor/executor.go:132.2,132.17 1 1
github.com/pandasoft-zz/glut/internal/executor/executor.go:135.46,136.48 1 9
github.com/pandasoft-zz/glut/internal/executor/executor.go:136.48,138.3 1 1
github.com/pandasoft-zz/glut/internal/executor/executor.go:140.2,141.83 2 8
github.com/pandasoft-zz/glut/internal/executor/executor.go:141.83,143.3 1 1
github.com/pandasoft-zz/glut/internal/executor/executor.go:144.2,144.12 1 7
github.com/pandasoft-zz/glut/internal/executor/executor.go:147.100,148.18 1 7
github.com/pandasoft-zz/glut/internal/executor/executor.go:148.18,150.3 1 5
github.com/pandasoft-zz/glut/internal/executor/executor.go:151.2,151.42 1 2
github.com/pandasoft-zz/glut/internal/executor/executor.go:154.98,164.34 8 7
github.com/pandasoft-zz/glut/internal/executor/executor.go:164.34,165.53 1 5
github.com/pandasoft-zz/glut/internal/executor/executor.go:165.53,167.4 1 2
github.com/pandasoft-zz/glut/internal/executor/executor.go:168.3,168.151 1 3
github.com/pandasoft-zz/glut/internal/executor/executor.go:171.2,171.46 1 2
github.com/pandasoft-zz/glut/internal/executor/executor.go:174.51,176.38 2 7
github.com/pandasoft-zz/glut/internal/executor/executor.go:176.38,178.3 1 1
github.com/pandasoft-zz/glut/internal/executor/executor.go:180.2,181.20 2 7
github.com/pandasoft-zz/glut/internal/executor/executor.go:181.20,183.3 1 0
github.com/pandasoft-zz/glut/internal/executor/executor.go:184.2,184.27 1 7
github.com/pandasoft-zz/glut/internal/executor/executor.go:184.27,186.3 1 1
github.com/pandasoft-zz/glut/internal/executor/executor.go:187.2,189.43 2 7
github.com/pandasoft-zz/glut/internal/executor/executor.go:189.43,191.3 1 7
github.com/pandasoft-zz/glut/internal/executor/executor.go:192.2,192.49 1 7
github.com/pandasoft-zz/glut/internal/executor/executor.go:192.49,194.3 1 0
github.com/pandasoft-zz/glut/internal/executor/executor.go:195.2,195.40 1 7
github.com/pandasoft-zz/glut/internal/executor/executor.go:195.40,197.3 1 7
github.com/pandasoft-zz/glut/internal/executor/executor.go:199.2,199.45 1 7
github.com/pandasoft-zz/glut/internal/executor/executor.go:199.45,200.60 1 7
github.com/pandasoft-zz/glut/internal/executor/executor.go:200.60,202.4 1 1
github.com/pandasoft-zz/glut/internal/executor/executor.go:204.2,204.46 1 7
github.com/pandasoft-zz/glut/internal/executor/executor.go:204.46,205.61 1 7
github.com/pandasoft-zz/glut/internal/executor/executor.go:205.61,207.4 1 1
github.com/pandasoft-zz/glut/internal/executor/executor.go:210.2,211.23 2 7
github.com/pandasoft-zz/glut/internal/executor/executor.go:211.23,213.3 1 24
github.com/pandasoft-zz/glut/internal/executor/executor.go:214.2,217.27 3 7
github.com/pandasoft-zz/glut/internal/executor/executor.go:217.27,219.3 1 24
github.com/pandasoft-zz/glut/internal/executor/executor.go:220.2,220.14 1 7
github.com/pandasoft-zz/glut/internal/executor/executor.go:223.26,225.2 1 5
github.com/pandasoft-zz/glut/internal/executor/executor.go:227.50,229.27 2 8
github.com/pandasoft-zz/glut/internal/executor/executor.go:229.27,231.3 1 2
github.com/pandasoft-zz/glut/internal/executor/executor.go:232.2,235.27 3 8
github.com/pandasoft-zz/glut/internal/executor/executor.go:235.27,237.3 1 2
github.com/pandasoft-zz/glut/internal/executor/executor.go:238.2,238.13 1 8
github.com/pandasoft-zz/glut/internal/executor/executor.go:241.73,248.2 6 6
github.com/pandasoft-zz/glut/internal/executor/executor.go:250.61,252.21 2 13
github.com/pandasoft-zz/glut/internal/executor/executor.go:252.21,254.48 2 22
github.com/pandasoft-zz/glut/internal/executor/executor.go:254.48,255.12 1 20
github.com/pandasoft-zz/glut/internal/executor/executor.go:258.3,259.28 2 2
github.com/pandasoft-zz/glut/internal/executor/executor.go:259.28,260.12 1 1
github.com/pandasoft-zz/glut/internal/executor/executor.go:262.3,262.23 1 1
github.com/pandasoft-zz/glut/internal/executor/executor.go:266.52,269.33 3 3
github.com/pandasoft-zz/glut/internal/executor/executor.go:269.33,271.10 2 8
github.com/pandasoft-zz/glut/internal/executor/executor.go:271.10,272.12 1 0
github.com/pandasoft-zz/glut/internal/executor/executor.go:274.3,274.14 1 8
github.com/pandasoft-zz/glut/internal/executor/executor.go:275.15,276.20 1 2
github.com/pandasoft-zz/glut/internal/executor/executor.go:277.15,279.18 2 3
github.com/pandasoft-zz/glut/internal/executor/executor.go:279.18,281.5 1 1
github.com/pandasoft-zz/glut/internal/executor/executor.go:282.4,282.27 1 2
github.com/pandasoft-zz/glut/internal/executor/executor.go:283.17,284.54 1 2
github.com/pandasoft-zz/glut/internal/executor/executor.go:285.17,286.54 1 1
github.com/pandasoft-zz/glut/internal/executor/executor.go:287.18,288.34 1 0
github.com/pandasoft-zz/glut/internal/executor/executor.go:291.2,291.18 1 2
github.com/pandasoft-zz/glut/internal/executor/executor.go:294.78,296.21 2 12
github.com/pandasoft-zz/glut/internal/executor/executor.go:296.21,298.61 2 20
github.com/pandasoft-zz/glut/internal/executor/executor.go:298.61,299.12 1 3
github.com/pandasoft-zz/glut/internal/executor/executor.go:302.3,302.82 1 17
github.com/pandasoft-zz/glut/internal/executor/executor.go:302.82,306.12 4 2
github.com/pandasoft-zz/glut/internal/executor/executor.go:309.3,309.81 1 15
github.com/pandasoft-zz/glut/internal/executor/executor.go:309.81,311.38 2 3
github.com/pandasoft-zz/glut/internal/executor/executor.go:311.38,312.13 1 0
github.com/pandasoft-zz/glut/internal/executor/executor.go:314.4,315.28 2 3
github.com/pandasoft-zz/glut/internal/executor/executor.go:315.28,317.5 1 1
github.com/pandasoft-zz/glut/internal/executor/executor.go:317.10,317.34 1 2
github.com/pandasoft-zz/glut/internal/executor/executor.go:317.34,319.5 1 2
github.com/pandasoft-zz/glut/internal/executor/executor.go:320.4,321.12 2 3
github.com/pandasoft-zz/glut/internal/executor/executor.go:324.3,324.80 1 12
github.com/pandasoft-zz/glut/internal/executor/executor.go:324.80,326.73 2 5
github.com/pandasoft-zz/glut/internal/executor/executor.go:326.73,327.13 1 0
github.com/pandasoft-zz/glut/internal/executor/executor.go:329.4,330.18 2 5
github.com/pandasoft-zz/glut/internal/executor/executor.go:331.18,332.58 1 2
github.com/pandasoft-zz/glut/internal/executor/executor.go:333.12,334.58 1 3
github.com/pandasoft-zz/glut/internal/executor/executor.go:336.4,336.24 1 5
github.com/pandasoft-zz/glut/internal/executor/executor.go:341.66,346.2 4 10
github.com/pandasoft-zz/glut/internal/executor/executor.go:348.58,349.22 1 4
github.com/pandasoft-zz/glut/internal/executor/executor.go:349.22,351.3 1 1
github.com/pandasoft-zz/glut/internal/executor/executor.go:352.2,353.35 2 3
github.com/pandasoft-zz/glut/internal/executor/executor.go:353.35,355.3 1 1
github.com/pandasoft-zz/glut/internal/executor/executor.go:356.2,356.19 1 2
github.com/pandasoft-zz/glut/internal/executor/executor.go:359.59,360.19 1 5
github.com/pandasoft-zz/glut/internal/executor/executor.go:360.19,362.3 1 4
github.com/pandasoft-zz/glut/internal/executor/executor.go:363.2,363.30 1 1
github.com/pandasoft-zz/glut/internal/executor/executor.go:366.58,371.21 5 2
github.com/pandasoft-zz/glut/internal/executor/executor.go:371.21,373.57 2 4
github.com/pandasoft-zz/glut/internal/executor/executor.go:373.57,374.12 1 0
github.com/pandasoft-zz/glut/internal/executor/executor.go:376.3,376.36 1 4
github.com/pandasoft-zz/glut/internal/executor/executor.go:376.36,378.4 1 0
github.com/pandasoft-zz/glut/internal/executor/executor.go:379.3,379.30 1 4
github.com/pandasoft-zz/glut/internal/executor/executor.go:379.30,380.12 1 0
github.com/pandasoft-zz/glut/internal/executor/executor.go:382.3,383.28 2 4
github.com/pandasoft-zz/glut/internal/executor/executor.go:385.2,385.13 1 2
github.com/pandasoft-zz/glut/internal/executor/executor.go:388.48,392.2 3 27
github.com/pandasoft-zz/glut/internal/executor/executor.go:394.38,396.15 2 6
github.com/pandasoft-zz/glut/internal/executor/executor.go:396.15,398.3 1 3
github.com/pandasoft-zz/glut/internal/executor/executor.go:400.2,401.21 2 3
github.com/pandasoft-zz/glut/internal/executor/executor.go:401.21,403.3 1 3
github.com/pandasoft-zz/glut/internal/executor/executor.go:404.2,404.49 1 0
github.com/pandasoft-zz/glut/internal/executor/executor.go:407.41,408.31 1 2
github.com/pandasoft-zz/glut/internal/executor/executor.go:408.31,409.51 1 4
github.com/pandasoft-zz/glut/internal/executor/executor.go:409.51,411.18 2 4
github.com/pandasoft-zz/glut/internal/executor/executor.go:411.18,413.5 1 2
github.com/pandasoft-zz/glut/internal/executor/executor.go:416.2,416.11 1 0
github.com/pandasoft-zz/glut/internal/mockwrapper/flock_unix.go:10.36,12.2 1 42
github.com/pandasoft-zz/glut/internal/mockwrapper/flock_unix.go:14.38,16.2 1 42
github.com/pandasoft-zz/glut/internal/mockwrapper/wrapper.go:38.12,47.2 1 1
github.com/pandasoft-zz/glut/internal/mockwrapper/wrapper.go:49.42,51.25 2 8
github.com/pandasoft-zz/glut/internal/mockwrapper/wrapper.go:51.25,54.3 2 1
github.com/pandasoft-zz/glut/internal/mockwrapper/wrapper.go:56.2,58.16 3 7
github.com/pandasoft-zz/glut/internal/mockwrapper/wrapper.go:58.16,61.3 2 1
github.com/pandasoft-zz/glut/internal/mockwrapper/wrapper.go:63.2,74.55 3 6
github.com/pandasoft-zz/glut/internal/mockwrapper/wrapper.go:74.55,75.56 1 3
github.com/pandasoft-zz/glut/internal/mockwrapper/wrapper.go:75.56,77.4 1 1
github.com/pandasoft-zz/glut/internal/mockwrapper/wrapper.go:80.2,81.19 2 6
github.com/pandasoft-zz/glut/internal/mockwrapper/wrapper.go:81.19,84.3 2 1
github.com/pandasoft-zz/glut/internal/mockwrapper/wrapper.go:86.2,93.34 7 5
github.com/pandasoft-zz/glut/internal/mockwrapper/wrapper.go:93.34,94.47 1 2
github.com/pandasoft-zz/glut/internal/mockwrapper/wrapper.go:94.47,96.4 1 1
github.com/pandasoft-zz/glut/internal/mockwrapper/wrapper.go:97.3,98.13 2 1
github.com/pandasoft-zz/glut/internal/mockwrapper/wrapper.go:100.2,100.29 1 3
github.com/pandasoft-zz/glut/internal/mockwrapper/wrapper.go:100.29,102.3 1 3
github.com/pandasoft-zz/glut/internal/mockwrapper/wrapper.go:103.2,103.10 1 0
github.com/pandasoft-zz/glut/internal/mockwrapper/wrapper.go:106.69,108.16 2 7
github.com/pandasoft-zz/glut/internal/mockwrapper/wrapper.go:108.16,110.3 1 1
github.com/pandasoft-zz/glut/internal/mockwrapper/wrapper.go:112.2,113.32 2 6
github.com/pandasoft-zz/glut/internal/mockwrapper/wrapper.go:113.32,114.62 1 8
github.com/pandasoft-zz/glut/internal/mockwrapper/wrapper.go:114.62,115.12 1 2
github.com/pandasoft-zz/glut/internal/mockwrapper/wrapper.go:118.3,121.17 4 6
github.com/pandasoft-zz/glut/internal/mockwrapper/wrapper.go:121.17,123.4 1 1
github.com/pandasoft-zz/glut/internal/mockwrapper/wrapper.go:125.3,127.22 3 5
github.com/pandasoft-zz/glut/internal/mockwrapper/wrapper.go:127.22,130.65 3 43
github.com/pandasoft-zz/glut/internal/mockwrapper/wrapper.go:130.65,131.50 1 1
github.com/pandasoft-zz/glut/internal/mockwrapper/wrapper.go:131.50,133.6 1 0
github.com/pandasoft-zz/glut/internal/mockwrapper/wrapper.go:134.5,134.77 1 1
github.com/pandasoft-zz/glut/internal/mockwrapper/wrapper.go:136.4,136.43 1 42
github.com/pandasoft-zz/glut/internal/mockwrapper/wrapper.go:138.3,138.39 1 4
github.com/pandasoft-zz/glut/internal/mockwrapper/wrapper.go:138.39,139.49 1 1
github.com/pandasoft-zz/glut/internal/mockwrapper/wrapper.go:139.49,141.5 1 0
github.com/pandasoft-zz/glut/internal/mockwrapper/wrapper.go:142.4,142.61 1 1
github.com/pandasoft-zz/glut/internal/mockwrapper/wrapper.go:144.3,144.38 1 3
github.com/pandasoft-zz/glut/internal/mockwrapper/wrapper.go:144.38,146.4 1 0
github.com/pandasoft-zz/glut/internal/mockwrapper/wrapper.go:149.2,149.19 1 3
github.com/pandasoft-zz/glut/internal/mockwrapper/wrapper.go:152.50,153.22 1 9
github.com/pandasoft-zz/glut/internal/mockwrapper/wrapper.go:153.22,155.3 1 1
github.com/pandasoft-zz/glut/internal/mockwrapper/wrapper.go:156.2,156.23 1 9
github.com/pandasoft-zz/glut/internal/mockwrapper/wrapper.go:156.23,158.3 1 2
github.com/pandasoft-zz/glut/internal/mockwrapper/wrapper.go:159.2,159.24 1 9
github.com/pandasoft-zz/glut/internal/mockwrapper/wrapper.go:159.24,161.3 1 6
github.com/pandasoft-zz/glut/internal/mockwrapper/wrapper.go:162.2,162.24 1 9
github.com/pandasoft-zz/glut/internal/mockwrapper/wrapper.go:162.24,164.3 1 1
github.com/pandasoft-zz/glut/internal/mockwrapper/wrapper.go:165.2,165.25 1 9
github.com/pandasoft-zz/glut/internal/mockwrapper/wrapper.go:165.25,167.3 1 3
github.com/pandasoft-zz/glut/internal/mockwrapper/wrapper.go:168.2,168.21 1 9
github.com/pandasoft-zz/glut/internal/mockwrapper/wrapper.go:168.21,170.3 1 7
github.com/pandasoft-zz/glut/internal/mockwrapper/wrapper.go:171.2,171.13 1 9
github.com/pandasoft-zz/glut/internal/mockwrapper/wrapper.go:174.63,175.64 1 6
github.com/pandasoft-zz/glut/internal/mockwrapper/wrapper.go:175.64,177.3 1 1
github.com/pandasoft-zz/glut/internal/mockwrapper/wrapper.go:180.60,181.38 1 10
github.com/pandasoft-zz/glut/internal/mockwrapper/wrapper.go:181.38,183.17 2 3
github.com/pandasoft-zz/glut/internal/mockwrapper/wrapper.go:183.17,185.4 1 1
github.com/pandasoft-zz/glut/internal/mockwrapper/wrapper.go:186.3,186.41 1 2
github.com/pandasoft-zz/glut/internal/mockwrapper/wrapper.go:186.41,188.4 1 1
github.com/pandasoft-zz/glut/internal/mockwrapper/wrapper.go:191.2,192.16 2 8
github.com/pandasoft-zz/glut/internal/mockwrapper/wrapper.go:192.16,194.3 1 1
github.com/pandasoft-zz/glut/internal/mockwrapper/wrapper.go:195.2,195.49 1 7
github.com/pandasoft-zz/glut/internal/mockwrapper/wrapper.go:198.67,199.50 1 45
github.com/pandasoft-zz/glut/internal/mockwrapper/wrapper.go:199.50,201.3 1 2
github.com/pandasoft-zz/glut/internal/mockwrapper/wrapper.go:203.2,205.16 3 43
github.com/pandasoft-zz/glut/internal/mockwrapper/wrapper.go:205.16,207.3 1 1
github.com/pandasoft-zz/glut/internal/mockwrapper/wrapper.go:208.2,208.15 1 42
github.com/pandasoft-zz/glut/internal/mockwrapper/wrapper.go:208.15,209.62 1 42
github.com/pandasoft-zz/glut/internal/mockwrapper/wrapper.go:209.62,211.4 1 0
github.com/pandasoft-zz/glut/internal/mockwrapper/wrapper.go:214.2,215.39 2 42
github.com/pandasoft-zz/glut/internal/mockwrapper/wrapper.go:215.39,217.16 2 42
github.com/pandasoft-zz/glut/internal/mockwrapper/wrapper.go:217.16,218.69 1 42
github.com/pandasoft-zz/glut/internal/mockwrapper/wrapper.go:218.69,220.5 1 0
github.com/pandasoft-zz/glut/internal/mockwrapper/wrapper.go:224.2,225.16 2 42
github.com/pandasoft-zz/glut/internal/mockwrapper/wrapper.go:225.16,227.3 1 0
github.com/pandasoft-zz/glut/internal/mockwrapper/wrapper.go:228.2,230.50 2 42
github.com/pandasoft-zz/glut/internal/mockwrapper/wrapper.go:230.50,231.13 1 0
github.com/pandasoft-zz/glut/internal/mockwrapper/wrapper.go:231.13,233.4 1 0
github.com/pandasoft-zz/glut/internal/mockwrapper/wrapper.go:234.3,234.69 1 0
github.com/pandasoft-zz/glut/internal/mockwrapper/wrapper.go:235.8,235.33 1 42
github.com/pandasoft-zz/glut/internal/mockwrapper/wrapper.go:235.33,237.3 1 0
github.com/pandasoft-zz/glut/internal/mockwrapper/wrapper.go:238.2,238.12 1 42
github.com/pandasoft-zz/glut/internal/mockwrapper/wrapper.go:241.49,243.31 2 7
github.com/pandasoft-zz/glut/internal/mockwrapper/wrapper.go:243.31,245.10 2 120
github.com/pandasoft-zz/glut/internal/mockwrapper/wrapper.go:245.10,246.12 1 1
github.com/pandasoft-zz/glut/internal/mockwrapper/wrapper.go:248.3,248.19 1 119
github.com/pandasoft-zz/glut/internal/mockwrapper/wrapper.go:250.2,250.12 1 7
github.com/pandasoft-zz/glut/internal/mockwrapper/wrapper.go:253.26,255.16 2 8
github.com/pandasoft-zz/glut/internal/mockwrapper/wrapper.go:255.16,257.3 1 1
github.com/pandasoft-zz/glut/internal/mockwrapper/wrapper.go:258.2,258.12 1 7
github.com/pandasoft-zz/glut/internal/mockwrapper/wrapper.go:261.57,263.31 2 6
github.com/pandasoft-zz/glut/internal/mockwrapper/wrapper.go:263.31,264.50 1 0
github.com/pandasoft-zz/glut/internal/mockwrapper/wrapper.go:264.50,265.52 1 0
github.com/pandasoft-zz/glut/internal/mockwrapper/wrapper.go:265.52,267.5 1 0
github.com/pandasoft-zz/glut/internal/mockwrapper/wrapper.go:270.2,270.13 1 6
github.com/pandasoft-zz/glut/internal/parser/lint.go:26.40,28.20 2 12
github.com/pandasoft-zz/glut/internal/parser/lint.go:28.20,30.3 1 3
github.com/pandasoft-zz/glut/internal/parser/lint.go:32.2,38.14 7 9
github.com/pandasoft-zz/glut/internal/parser/lint.go:41.50,43.16 2 2
github.com/pandasoft-zz/glut/internal/parser/lint.go:43.16,49.3 1 1
github.com/pandasoft-zz/glut/internal/parser/lint.go:51.2,55.14 5 1
github.com/pandasoft-zz/glut/internal/parser/lint.go:58.77,60.68 2 2
github.com/pandasoft-zz/glut/internal/parser/lint.go:60.68,62.3 1 1
github.com/pandasoft-zz/glut/internal/parser/lint.go:63.2,63.17 1 1
github.com/pandasoft-zz/glut/internal/parser/lint.go:63.17,65.3 1 0
github.com/pandasoft-zz/glut/internal/parser/lint.go:66.2,66.18 1 1
github.com/pandasoft-zz/glut/internal/parser/lint.go:69.78,71.16 2 9
github.com/pandasoft-zz/glut/internal/parser/lint.go:71.16,73.3 1 0
github.com/pandasoft-zz/glut/internal/parser/lint.go:75.2,76.49 2 9
github.com/pandasoft-zz/glut/internal/parser/lint.go:76.49,82.3 1 4
github.com/pandasoft-zz/glut/internal/parser/lint.go:83.2,83.14 1 9
github.com/pandasoft-zz/glut/internal/parser/lint.go:86.99,88.16 2 12
github.com/pandasoft-zz/glut/internal/parser/lint.go:88.16,90.3 1 1
github.com/pandasoft-zz/glut/internal/parser/lint.go:92.2,93.16 2 11
github.com/pandasoft-zz/glut/internal/parser/lint.go:93.16,94.28 1 0
github.com/pandasoft-zz/glut/internal/parser/lint.go:94.28,96.4 1 0
github.com/pandasoft-zz/glut/internal/parser/lint.go:97.3,97.115 1 0
github.com/pandasoft-zz/glut/internal/parser/lint.go:100.2,101.16 2 11
github.com/pandasoft-zz/glut/internal/parser/lint.go:101.16,103.3 1 1
github.com/pandasoft-zz/glut/internal/parser/lint.go:105.2,106.9 2 10
github.com/pandasoft-zz/glut/internal/parser/lint.go:106.9,108.3 1 0
github.com/pandasoft-zz/glut/internal/parser/lint.go:110.2,111.16 2 10
github.com/pandasoft-zz/glut/internal/parser/lint.go:111.16,113.3 1 1
github.com/pandasoft-zz/glut/internal/parser/lint.go:115.2,115.35 1 9
github.com/pandasoft-zz/glut/internal/parser/lint.go:118.80,120.27 2 9
github.com/pandasoft-zz/glut/internal/parser/lint.go:120.27,121.57 1 16
github.com/pandasoft-zz/glut/internal/parser/lint.go:121.57,123.4 1 1
github.com/pandasoft-zz/glut/internal/parser/lint.go:125.2,125.14 1 9
github.com/pandasoft-zz/glut/internal/parser/lint.go:128.80,130.28 2 10
github.com/pandasoft-zz/glut/internal/parser/lint.go:130.28,132.3 1 1
github.com/pandasoft-zz/glut/internal/parser/lint.go:133.2,133.12 1 9
github.com/pandasoft-zz/glut/internal/parser/lint.go:136.114,139.16 3 10
github.com/pandasoft-zz/glut/internal/parser/lint.go:139.16,141.3 1 6
github.com/pandasoft-zz/glut/internal/parser/lint.go:143.2,144.31 2 4
github.com/pandasoft-zz/glut/internal/parser/lint.go:144.31,146.3 1 1
github.com/pandasoft-zz/glut/internal/parser/lint.go:147.2,147.9 1 4
github.com/pandasoft-zz/glut/internal/parser/lint.go:147.9,149.3 1 1
github.com/pandasoft-zz/glut/internal/parser/lint.go:151.2,152.9 2 3
github.com/pandasoft-zz/glut/internal/parser/lint.go:152.9,154.3 1 1
github.com/pandasoft-zz/glut/internal/parser/lint.go:155.2,156.9 2 2
github.com/pandasoft-zz/glut/internal/parser/lint.go:156.9,158.3 1 0
github.com/pandasoft-zz/glut/internal/parser/lint.go:159.2,159.30 1 2
github.com/pandasoft-zz/glut/internal/parser/lint.go:159.30,160.48 1 2
github.com/pandasoft-zz/glut/internal/parser/lint.go:160.48,162.4 1 2
github.com/pandasoft-zz/glut/internal/parser/lint.go:164.2,164.14 1 2
github.com/pandasoft-zz/glut/internal/parser/lint.go:167.75,169.16 2 10
github.com/pandasoft-zz/glut/internal/parser/lint.go:169.16,171.3 1 8
github.com/pandasoft-zz/glut/internal/parser/lint.go:173.2,174.29 2 2
github.com/pandasoft-zz/glut/internal/parser/lint.go:174.29,175.34 1 4
github.com/pandasoft-zz/glut/internal/parser/lint.go:175.34,176.12 1 2
github.com/pandasoft-zz/glut/internal/parser/lint.go:178.3,179.10 2 2
github.com/pandasoft-zz/glut/internal/parser/lint.go:179.10,180.12 1 0
github.com/pandasoft-zz/glut/internal/parser/lint.go:182.3,184.23 3 2
github.com/pandasoft-zz/glut/internal/parser/lint.go:184.23,185.12 1 0
github.com/pandasoft-zz/glut/internal/parser/lint.go:187.3,187.40 1 2
github.com/pandasoft-zz/glut/internal/parser/lint.go:187.40,189.4 1 2
github.com/pandasoft-zz/glut/internal/parser/lint.go:191.2,191.14 1 2
github.com/pandasoft-zz/glut/internal/parser/lint.go:194.63,196.16 2 12
github.com/pandasoft-zz/glut/internal/parser/lint.go:196.16,198.3 1 9
github.com/pandasoft-zz/glut/internal/parser/lint.go:200.2,202.9 3 3
github.com/pandasoft-zz/glut/internal/parser/lint.go:202.9,204.3 1 1
github.com/pandasoft-zz/glut/internal/parser/lint.go:205.2,205.34 1 2
github.com/pandasoft-zz/glut/internal/parser/lint.go:205.34,206.36 1 4
github.com/pandasoft-zz/glut/internal/parser/lint.go:206.36,208.4 1 3
github.com/pandasoft-zz/glut/internal/parser/lint.go:210.2,210.21 1 2
github.com/pandasoft-zz/glut/internal/parser/lint.go:213.77,215.9 2 10
github.com/pandasoft-zz/glut/internal/parser/lint.go:215.9,217.3 1 6
github.com/pandasoft-zz/glut/internal/parser/lint.go:218.2,219.9 2 4
github.com/pandasoft-zz/glut/internal/parser/lint.go:219.9,221.3 1 1
github.com/pandasoft-zz/glut/internal/parser/lint.go:223.2,226.25 4 3
github.com/pandasoft-zz/glut/internal/parser/lint.go:226.25,228.3 1 1
github.com/pandasoft-zz/glut/internal/parser/lint.go:230.2,230.95 1 3
github.com/pandasoft-zz/glut/internal/parser/lint.go:230.95,231.52 1 1
github.com/pandasoft-zz/glut/internal/parser/lint.go:231.52,233.4 1 1
github.com/pandasoft-zz/glut/internal/parser/lint.go:235.2,235.14 1 3
github.com/pandasoft-zz/glut/internal/parser/lint.go:238.58,239.31 1 3
github.com/pandasoft-zz/glut/internal/parser/lint.go:239.31,240.22 1 3
github.com/pandasoft-zz/glut/internal/parser/lint.go:240.22,242.4 1 0
github.com/pandasoft-zz/glut/internal/parser/lint.go:244.2,244.14 1 3
github.com/pandasoft-zz/glut/internal/parser/parse_dir.go:12.36,14.2 1 2
github.com/pandasoft-zz/glut/internal/parser/parse_dir.go:17.54,21.85 3 1
github.com/pandasoft-zz/glut/internal/parser/parse_dir.go:21.85,22.17 1 8
github.com/pandasoft-zz/glut/internal/parser/parse_dir.go:22.17,25.4 2 0
github.com/pandasoft-zz/glut/internal/parser/parse_dir.go:27.3,28.57 2 8
github.com/pandasoft-zz/glut/internal/parser/parse_dir.go:28.57,30.23 2 3
github.com/pandasoft-zz/glut/internal/parser/parse_dir.go:30.23,31.45 1 2
github.com/pandasoft-zz/glut/internal/parser/parse_dir.go:31.45,33.6 1 1
github.com/pandasoft-zz/glut/internal/parser/parse_dir.go:34.10,36.5 1 1
github.com/pandasoft-zz/glut/internal/parser/parse_dir.go:38.3,38.13 1 8
github.com/pandasoft-zz/glut/internal/parser/parse_dir.go:41.2,41.16 1 1
github.com/pandasoft-zz/glut/internal/parser/parse_dir.go:41.16,43.3 1 0
github.com/pandasoft-zz/glut/internal/parser/parse_dir.go:45.2,45.20 1 1
github.com/pandasoft-zz/glut/internal/parser/parser.go:13.48,15.16 2 17
github.com/pandasoft-zz/glut/internal/parser/parser.go:15.16,17.3 1 1
github.com/pandasoft-zz/glut/internal/parser/parser.go:19.2,20.16 2 16
github.com/pandasoft-zz/glut/internal/parser/parser.go:20.16,22.3 1 5
github.com/pandasoft-zz/glut/internal/parser/parser.go:24.2,25.9 2 11
github.com/pandasoft-zz/glut/internal/parser/parser.go:25.9,27.3 1 0
github.com/pandasoft-zz/glut/internal/parser/parser.go:29.2,30.54 2 11
github.com/pandasoft-zz/glut/internal/parser/parser.go:30.54,32.3 1 1
github.com/pandasoft-zz/glut/internal/parser/parser.go:33.2,34.16 2 10
github.com/pandasoft-zz/glut/internal/parser/parser.go:34.16,36.3 1 0
github.com/pandasoft-zz/glut/internal/parser/parser.go:38.2,41.48 4 10
github.com/pandasoft-zz/glut/internal/parser/parser.go:41.48,43.3 1 0
github.com/pandasoft-zz/glut/internal/parser/parser.go:44.2,44.36 1 10
github.com/pandasoft-zz/glut/internal/parser/parser.go:44.36,46.3 1 0
github.com/pandasoft-zz/glut/internal/parser/parser.go:48.2,53.8 1 10
github.com/pandasoft-zz/glut/internal/parser/parser.go:56.70,58.16 2 28
github.com/pandasoft-zz/glut/internal/parser/parser.go:58.16,60.3 1 2
github.com/pandasoft-zz/glut/internal/parser/parser.go:61.2,61.19 1 26
github.com/pandasoft-zz/glut/internal/parser/parser.go:61.19,63.3 1 3
github.com/pandasoft-zz/glut/internal/parser/parser.go:64.2,64.19 1 23
github.com/pandasoft-zz/glut/internal/parser/parser.go:64.19,66.3 1 1
github.com/pandasoft-zz/glut/internal/parser/parser.go:67.2,67.30 1 22
github.com/pandasoft-zz/glut/internal/parser/parser.go:70.57,73.6 3 30
github.com/pandasoft-zz/glut/internal/parser/parser.go:73.6,75.46 2 82
github.com/pandasoft-zz/glut/internal/parser/parser.go:75.46,76.21 1 30
github.com/pandasoft-zz/glut/internal/parser/parser.go:76.21,77.10 1 27
github.com/pandasoft-zz/glut/internal/parser/parser.go:79.4,79.19 1 3
github.com/pandasoft-zz/glut/internal/parser/parser.go:81.3,81.28 1 52
github.com/pandasoft-zz/glut/internal/parser/parser.go:81.28,82.12 1 0
github.com/pandasoft-zz/glut/internal/parser/parser.go:84.3,84.28 1 52
github.com/pandasoft-zz/glut/internal/parser/parser.go:86.2,86.18 1 27
github.com/pandasoft-zz/glut/internal/parser/parser.go:89.51,90.69 1 36
github.com/pandasoft-zz/glut/internal/parser/parser.go:90.69,92.3 1 35
github.com/pandasoft-zz/glut/internal/parser/parser.go:93.2,93.17 1 1
github.com/pandasoft-zz/glut/internal/parser/parser.go:96.68,97.50 1 24
github.com/pandasoft-zz/glut/internal/parser/parser.go:97.50,99.3 1 2
github.com/pandasoft-zz/glut/internal/parser/parser.go:100.2,100.46 1 22
github.com/pandasoft-zz/glut/internal/parser/parser.go:100.46,103.27 3 22
github.com/pandasoft-zz/glut/internal/parser/parser.go:103.27,105.4 1 22
github.com/pandasoft-zz/glut/internal/parser/parser.go:107.2,107.19 1 0
github.com/pandasoft-zz/glut/internal/parser/parser.go:110.65,112.17 2 33
github.com/pandasoft-zz/glut/internal/parser/parser.go:112.17,114.3 1 1
github.com/pandasoft-zz/glut/internal/parser/parser.go:115.2,115.42 1 32
github.com/pandasoft-zz/glut/internal/parser/parser.go:115.42,117.3 1 2
github.com/pandasoft-zz/glut/internal/parser/parser.go:118.2,118.17 1 30
github.com/pandasoft-zz/glut/internal/reporter/console.go:67.67,69.19 2 10
github.com/pandasoft-zz/glut/internal/reporter/console.go:69.19,71.3 1 1
github.com/pandasoft-zz/glut/internal/reporter/console.go:73.2,74.18 2 10
github.com/pandasoft-zz/glut/internal/reporter/console.go:74.18,76.3 1 4
github.com/pandasoft-zz/glut/internal/reporter/console.go:78.2,78.16 1 10
github.com/pandasoft-zz/glut/internal/reporter/console.go:79.16,85.9 1 4
github.com/pandasoft-zz/glut/internal/reporter/console.go:86.14,92.9 1 3
github.com/pandasoft-zz/glut/internal/reporter/console.go:93.14,97.9 1 2
github.com/pandasoft-zz/glut/internal/reporter/console.go:98.10,99.66 1 1
github.com/pandasoft-zz/glut/internal/reporter/console.go:103.47,105.2 1 1
github.com/pandasoft-zz/glut/internal/reporter/console.go:107.60,108.14 1 6
github.com/pandasoft-zz/glut/internal/reporter/console.go:108.14,110.21 2 4
github.com/pandasoft-zz/glut/internal/reporter/console.go:110.21,112.4 1 2
github.com/pandasoft-zz/glut/internal/reporter/console.go:113.3,113.98 1 4
github.com/pandasoft-zz/glut/internal/reporter/console.go:116.2,116.20 1 6
github.com/pandasoft-zz/glut/internal/reporter/console.go:116.20,119.3 2 3
github.com/pandasoft-zz/glut/internal/reporter/console.go:121.2,121.15 1 3
github.com/pandasoft-zz/glut/internal/reporter/console.go:121.15,123.3 1 1
github.com/pandasoft-zz/glut/internal/reporter/console.go:125.2,125.31 1 3
github.com/pandasoft-zz/glut/internal/reporter/console.go:125.31,127.3 1 0
github.com/pandasoft-zz/glut/internal/reporter/console.go:130.58,132.2 1 2
github.com/pandasoft-zz/glut/internal/reporter/console.go:134.45,136.2 1 1
github.com/pandasoft-zz/glut/internal/reporter/console.go:138.58,139.14 1 3
github.com/pandasoft-zz/glut/internal/reporter/console.go:139.14,140.20 1 3
github.com/pandasoft-zz/glut/internal/reporter/console.go:140.20,142.4 1 2
github.com/pandasoft-zz/glut/internal/reporter/console.go:142.9,144.4 1 1
github.com/pandasoft-zz/glut/internal/reporter/console.go:145.3,145.23 1 3
github.com/pandasoft-zz/glut/internal/reporter/console.go:148.2,148.20 1 3
github.com/pandasoft-zz/glut/internal/reporter/console.go:148.20,149.20 1 1
github.com/pandasoft-zz/glut/internal/reporter/console.go:149.20,152.4 2 1
github.com/pandasoft-zz/glut/internal/reporter/console.go:153.3,154.9 2 1
github.com/pandasoft-zz/glut/internal/reporter/console.go:157.2,157.15 1 2
github.com/pandasoft-zz/glut/internal/reporter/console.go:157.15,158.20 1 1
github.com/pandasoft-zz/glut/internal/reporter/console.go:158.20,161.4 2 1
github.com/pandasoft-zz/glut/internal/reporter/console.go:162.3,162.51 1 1
github.com/pandasoft-zz/glut/internal/reporter/console.go:166.56,167.19 1 2
github.com/pandasoft-zz/glut/internal/reporter/console.go:167.19,169.3 1 0
github.com/pandasoft-zz/glut/internal/reporter/console.go:170.2,171.23 2 2
github.com/pandasoft-zz/glut/internal/reporter/console.go:174.45,176.2 1 1
github.com/pandasoft-zz/glut/internal/reporter/console.go:178.58,179.30 1 2
github.com/pandasoft-zz/glut/internal/reporter/console.go:179.30,181.3 1 0
github.com/pandasoft-zz/glut/internal/reporter/console.go:183.2,190.25 2 2
github.com/pandasoft-zz/glut/internal/reporter/console.go:190.25,192.3 1 0
github.com/pandasoft-zz/glut/internal/reporter/console.go:193.2,193.28 1 2
github.com/pandasoft-zz/glut/internal/reporter/console.go:196.56,202.2 1 1
github.com/pandasoft-zz/glut/internal/reporter/console.go:204.61,205.29 1 1
github.com/pandasoft-zz/glut/internal/reporter/console.go:205.29,207.17 2 2
github.com/pandasoft-zz/glut/internal/reporter/console.go:207.17,209.4 1 1
github.com/pandasoft-zz/glut/internal/reporter/console.go:210.3,210.50 1 2
github.com/pandasoft-zz/glut/internal/reporter/console.go:214.81,216.27 2 4
github.com/pandasoft-zz/glut/internal/reporter/console.go:216.27,218.3 1 4
github.com/pandasoft-zz/glut/internal/reporter/console.go:220.2,220.42 1 4
github.com/pandasoft-zz/glut/internal/reporter/console.go:220.42,224.3 3 4
github.com/pandasoft-zz/glut/internal/reporter/console.go:226.2,226.25 1 4
github.com/pandasoft-zz/glut/internal/reporter/console.go:226.25,228.3 1 0
github.com/pandasoft-zz/glut/internal/reporter/console.go:230.2,231.34 2 4
github.com/pandasoft-zz/glut/internal/reporter/console.go:231.34,233.3 1 1
github.com/pandasoft-zz/glut/internal/reporter/console.go:235.2,235.61 1 4
github.com/pandasoft-zz/glut/internal/reporter/console.go:235.61,237.3 1 0
github.com/pandasoft-zz/glut/internal/reporter/console.go:237.8,237.19 1 4
github.com/pandasoft-zz/glut/internal/reporter/console.go:237.19,240.3 2 3
github.com/pandasoft-zz/glut/internal/reporter/console.go:243.63,252.2 8 1
github.com/pandasoft-zz/glut/internal/reporter/console.go:254.71,255.36 1 4
github.com/pandasoft-zz/glut/internal/reporter/console.go:255.36,257.3 1 0
github.com/pandasoft-zz/glut/internal/reporter/console.go:258.2,259.41 2 4
github.com/pandasoft-zz/glut/internal/reporter/console.go:262.69,264.147 2 3
github.com/pandasoft-zz/glut/internal/reporter/console.go:264.147,266.3 1 1
github.com/pandasoft-zz/glut/internal/reporter/console.go:267.2,268.48 2 2
github.com/pandasoft-zz/glut/internal/reporter/console.go:271.76,272.23 1 1
github.com/pandasoft-zz/glut/internal/reporter/console.go:272.23,274.3 1 0
github.com/pandasoft-zz/glut/internal/reporter/console.go:275.2,276.28 2 1
github.com/pandasoft-zz/glut/internal/reporter/console.go:276.28,278.3 1 1
github.com/pandasoft-zz/glut/internal/reporter/console.go:279.2,281.29 3 1
github.com/pandasoft-zz/glut/internal/reporter/console.go:281.29,283.3 1 1
github.com/pandasoft-zz/glut/internal/reporter/console.go:286.76,287.22 1 1
github.com/pandasoft-zz/glut/internal/reporter/console.go:287.22,289.3 1 0
github.com/pandasoft-zz/glut/internal/reporter/console.go:290.2,291.31 2 1
github.com/pandasoft-zz/glut/internal/reporter/console.go:291.31,293.3 1 1
github.com/pandasoft-zz/glut/internal/reporter/console.go:296.91,298.29 2 6
github.com/pandasoft-zz/glut/internal/reporter/console.go:298.29,300.19 2 6
github.com/pandasoft-zz/glut/internal/reporter/console.go:300.19,301.12 1 0
github.com/pandasoft-zz/glut/internal/reporter/console.go:304.3,306.15 3 6
github.com/pandasoft-zz/glut/internal/reporter/console.go:306.15,309.4 2 3
github.com/pandasoft-zz/glut/internal/reporter/console.go:311.3,311.38 1 6
github.com/pandasoft-zz/glut/internal/reporter/console.go:311.38,313.16 2 6
github.com/pandasoft-zz/glut/internal/reporter/console.go:313.16,315.5 1 3
github.com/pandasoft-zz/glut/internal/reporter/console.go:316.4,317.44 2 6
github.com/pandasoft-zz/glut/internal/reporter/console.go:319.3,319.38 1 6
github.com/pandasoft-zz/glut/internal/reporter/console.go:319.38,321.16 2 0
github.com/pandasoft-zz/glut/internal/reporter/console.go:321.16,323.5 1 0
github.com/pandasoft-zz/glut/internal/reporter/console.go:324.4,325.44 2 0
github.com/pandasoft-zz/glut/internal/reporter/console.go:330.69,332.28 2 6
github.com/pandasoft-zz/glut/internal/reporter/console.go:332.28,334.3 1 6
github.com/pandasoft-zz/glut/internal/reporter/console.go:335.2,336.14 2 6
github.com/pandasoft-zz/glut/internal/reporter/console.go:339.49,341.15 2 6
github.com/pandasoft-zz/glut/internal/reporter/console.go:341.15,343.3 1 3
github.com/pandasoft-zz/glut/internal/reporter/console.go:345.2,346.28 2 3
github.com/pandasoft-zz/glut/internal/reporter/console.go:346.28,348.3 1 3
github.com/pandasoft-zz/glut/internal/reporter/console.go:349.2,349.56 1 0
github.com/pandasoft-zz/glut/internal/reporter/console.go:352.70,353.73 1 12
github.com/pandasoft-zz/glut/internal/reporter/console.go:353.73,355.3 1 38
github.com/pandasoft-zz/glut/internal/reporter/console.go:358.50,360.23 2 4
github.com/pandasoft-zz/glut/internal/reporter/console.go:360.23,362.3 1 3
github.com/pandasoft-zz/glut/internal/reporter/console.go:363.2,363.42 1 4
github.com/pandasoft-zz/glut/internal/reporter/console.go:363.42,365.3 1 4
github.com/pandasoft-zz/glut/internal/reporter/console.go:366.2,366.92 1 4
github.com/pandasoft-zz/glut/internal/reporter/console.go:369.67,370.24 1 2
github.com/pandasoft-zz/glut/internal/reporter/console.go:370.24,372.3 1 1
github.com/pandasoft-zz/glut/internal/reporter/console.go:374.2,375.35 2 1
github.com/pandasoft-zz/glut/internal/reporter/console.go:375.35,381.3 1 1
github.com/pandasoft-zz/glut/internal/reporter/console.go:382.2,382.14 1 1
github.com/pandasoft-zz/glut/internal/reporter/console.go:385.45,387.16 2 4
github.com/pandasoft-zz/glut/internal/reporter/console.go:387.16,390.3 2 1
github.com/pandasoft-zz/glut/internal/reporter/console.go:391.2,391.30 1 3
github.com/pandasoft-zz/glut/internal/reporter/console.go:394.55,395.27 1 6
github.com/pandasoft-zz/glut/internal/reporter/console.go:395.27,397.3 1 6
github.com/pandasoft-zz/glut/internal/reporter/console.go:398.2,398.39 1 0
github.com/pandasoft-zz/glut/internal/reporter/console.go:401.54,403.42 2 2
github.com/pandasoft-zz/glut/internal/reporter/console.go:403.42,405.3 1 1
github.com/pandasoft-zz/glut/internal/reporter/console.go:406.2,406.25 1 2
github.com/pandasoft-zz/glut/internal/reporter/console.go:406.25,408.3 1 1
github.com/pandasoft-zz/glut/internal/reporter/console.go:409.2,409.34 1 2
github.com/pandasoft-zz/glut/internal/reporter/console.go:412.52,413.19 1 10
github.com/pandasoft-zz/glut/internal/reporter/console.go:413.19,415.3 1 1
github.com/pandasoft-zz/glut/internal/reporter/console.go:416.2,416.50 1 9
github.com/pandasoft-zz/glut/internal/reporter/console.go:419.59,421.2 1 99
github.com/pandasoft-zz/glut/internal/reporter/junit.go:61.28,63.2 1 4
github.com/pandasoft-zz/glut/internal/reporter/junit.go:65.45,67.2 1 1
github.com/pandasoft-zz/glut/internal/reporter/junit.go:69.58,71.19 2 4
github.com/pandasoft-zz/glut/internal/reporter/junit.go:71.19,74.3 2 3
github.com/pandasoft-zz/glut/internal/reporter/junit.go:75.2,75.20 1 1
github.com/pandasoft-zz/glut/internal/reporter/junit.go:78.56,79.56 1 2
github.com/pandasoft-zz/glut/internal/reporter/junit.go:79.56,81.3 1 1
github.com/pandasoft-zz/glut/internal/reporter/junit.go:82.2,82.20 1 2
github.com/pandasoft-zz/glut/internal/reporter/junit.go:85.52,88.16 3 3
github.com/pandasoft-zz/glut/internal/reporter/junit.go:88.16,90.3 1 0
github.com/pandasoft-zz/glut/internal/reporter/junit.go:92.2,94.58 3 3
github.com/pandasoft-zz/glut/internal/reporter/junit.go:94.58,96.3 1 1
github.com/pandasoft-zz/glut/internal/reporter/junit.go:97.2,97.12 1 2
github.com/pandasoft-zz/glut/internal/reporter/junit.go:100.60,102.42 2 3
github.com/pandasoft-zz/glut/internal/reporter/junit.go:102.42,104.30 2 4
github.com/pandasoft-zz/glut/internal/reporter/junit.go:104.30,106.4 1 0
github.com/pandasoft-zz/glut/internal/reporter/junit.go:107.3,107.50 1 4
github.com/pandasoft-zz/glut/internal/reporter/junit.go:110.2,111.28 2 3
github.com/pandasoft-zz/glut/internal/reporter/junit.go:111.28,113.3 1 3
github.com/pandasoft-zz/glut/internal/reporter/junit.go:114.2,122.29 3 3
github.com/pandasoft-zz/glut/internal/reporter/junit.go:122.29,124.44 2 3
github.com/pandasoft-zz/glut/internal/reporter/junit.go:124.44,132.48 2 4
github.com/pandasoft-zz/glut/internal/reporter/junit.go:132.48,138.5 2 1
github.com/pandasoft-zz/glut/internal/reporter/junit.go:140.4,140.31 1 4
github.com/pandasoft-zz/glut/internal/reporter/junit.go:140.31,147.5 3 1
github.com/pandasoft-zz/glut/internal/reporter/junit.go:149.4,150.47 2 4
github.com/pandasoft-zz/glut/internal/reporter/junit.go:152.3,153.47 2 3
github.com/pandasoft-zz/glut/internal/reporter/junit.go:156.2,156.15 1 3
github.com/pandasoft-zz/glut/internal/reporter/junit.go:159.52,161.29 2 3
github.com/pandasoft-zz/glut/internal/reporter/junit.go:161.29,165.39 4 4
github.com/pandasoft-zz/glut/internal/reporter/junit.go:165.39,166.69 1 4
github.com/pandasoft-zz/glut/internal/reporter/junit.go:166.69,168.5 1 4
github.com/pandasoft-zz/glut/internal/reporter/junit.go:170.3,170.40 1 4
github.com/pandasoft-zz/glut/internal/reporter/junit.go:170.40,172.24 2 4
github.com/pandasoft-zz/glut/internal/reporter/junit.go:172.24,174.5 1 0
github.com/pandasoft-zz/glut/internal/reporter/junit.go:175.4,175.23 1 4
github.com/pandasoft-zz/glut/internal/reporter/junit.go:175.23,177.5 1 0
github.com/pandasoft-zz/glut/internal/reporter/junit.go:178.4,178.67 1 4
github.com/pandasoft-zz/glut/internal/reporter/junit.go:178.67,180.5 1 4
github.com/pandasoft-zz/glut/internal/reporter/junit.go:182.3,182.35 1 4
github.com/pandasoft-zz/glut/internal/reporter/junit.go:184.2,184.14 1 3
github.com/pandasoft-zz/glut/internal/reporter/junit.go:187.52,188.46 1 10
github.com/pandasoft-zz/glut/internal/reporter/junit.go:189.13,190.50 1 3
github.com/pandasoft-zz/glut/internal/reporter/junit.go:191.24,192.55 1 0
github.com/pandasoft-zz/glut/internal/reporter/junit.go:193.10,194.79 1 7
github.com/pandasoft-zz/glut/internal/reporter/tap.go:15.26,17.2 1 3
github.com/pandasoft-zz/glut/internal/reporter/tap.go:19.43,21.2 1 1
github.com/pandasoft-zz/glut/internal/reporter/tap.go:23.56,25.19 2 2
github.com/pandasoft-zz/glut/internal/reporter/tap.go:25.19,28.3 2 1
github.com/pandasoft-zz/glut/internal/reporter/tap.go:29.2,29.20 1 1
github.com/pandasoft-zz/glut/internal/reporter/tap.go:32.54,33.56 1 1
github.com/pandasoft-zz/glut/internal/reporter/tap.go:33.56,35.3 1 1
github.com/pandasoft-zz/glut/internal/reporter/tap.go:36.2,36.20 1 1
github.com/pandasoft-zz/glut/internal/reporter/tap.go:39.50,44.49 4 2
github.com/pandasoft-zz/glut/internal/reporter/tap.go:44.49,46.25 2 2
github.com/pandasoft-zz/glut/internal/reporter/tap.go:46.25,48.4 1 1
github.com/pandasoft-zz/glut/internal/reporter/tap.go:50.3,51.24 2 2
github.com/pandasoft-zz/glut/internal/reporter/tap.go:51.24,52.12 1 1
github.com/pandasoft-zz/glut/internal/reporter/tap.go:55.3,56.20 2 1
github.com/pandasoft-zz/glut/internal/reporter/tap.go:56.20,58.4 1 0
github.com/pandasoft-zz/glut/internal/reporter/tap.go:59.3,61.33 3 1
github.com/pandasoft-zz/glut/internal/reporter/tap.go:64.2,64.75 1 2
github.com/pandasoft-zz/glut/internal/reporter/tap.go:64.75,66.3 1 1
github.com/pandasoft-zz/glut/internal/reporter/tap.go:67.2,67.12 1 1
github.com/pandasoft-zz/glut/internal/asserter/api.go:11.95,13.47 2 11
github.com/pandasoft-zz/glut/internal/asserter/api.go:13.47,18.27 4 3
github.com/pandasoft-zz/glut/internal/asserter/api.go:18.27,20.4 1 2
github.com/pandasoft-zz/glut/internal/asserter/api.go:21.3,21.26 1 3
github.com/pandasoft-zz/glut/internal/asserter/api.go:21.26,23.4 1 1
github.com/pandasoft-zz/glut/internal/asserter/api.go:24.3,24.27 1 3
github.com/pandasoft-zz/glut/internal/asserter/api.go:24.27,26.4 1 2
github.com/pandasoft-zz/glut/internal/asserter/api.go:28.2,28.16 1 11
github.com/pandasoft-zz/glut/internal/asserter/api.go:31.87,34.29 3 4
github.com/pandasoft-zz/glut/internal/asserter/api.go:34.29,35.28 1 4
github.com/pandasoft-zz/glut/internal/asserter/api.go:35.28,36.12 1 2
github.com/pandasoft-zz/glut/internal/asserter/api.go:38.3,38.35 1 2
github.com/pandasoft-zz/glut/internal/asserter/api.go:38.35,40.4 1 2
github.com/pandasoft-zz/glut/internal/asserter/api.go:42.2,42.12 1 4
github.com/pandasoft-zz/glut/internal/asserter/api.go:45.61,47.9 2 6
github.com/pandasoft-zz/glut/internal/asserter/api.go:47.9,49.3 1 1
github.com/pandasoft-zz/glut/internal/asserter/api.go:50.2,50.21 1 5
github.com/pandasoft-zz/glut/internal/asserter/api.go:53.54,56.43 3 3
github.com/pandasoft-zz/glut/internal/asserter/api.go:56.43,58.3 1 1
github.com/pandasoft-zz/glut/internal/asserter/api.go:59.2,59.34 1 2
github.com/pandasoft-zz/glut/internal/asserter/api.go:59.34,60.33 1 10
github.com/pandasoft-zz/glut/internal/asserter/api.go:60.33,61.12 1 2
github.com/pandasoft-zz/glut/internal/asserter/api.go:63.3,63.48 1 8
github.com/pandasoft-zz/glut/internal/asserter/api.go:63.48,65.4 1 0
github.com/pandasoft-zz/glut/internal/asserter/api.go:67.2,67.13 1 2
github.com/pandasoft-zz/glut/internal/asserter/api.go:70.38,72.19 2 7
github.com/pandasoft-zz/glut/internal/asserter/api.go:72.19,74.3 1 1
github.com/pandasoft-zz/glut/internal/asserter/api.go:75.2,75.36 1 6
github.com/pandasoft-zz/glut/internal/asserter/api.go:78.108,79.21 1 3
github.com/pandasoft-zz/glut/internal/asserter/api.go:79.21,81.3 1 1
github.com/pandasoft-zz/glut/internal/asserter/api.go:83.2,83.29 1 2
github.com/pandasoft-zz/glut/internal/asserter/api.go:83.29,84.49 1 2
github.com/pandasoft-zz/glut/internal/asserter/api.go:84.49,86.4 1 1
github.com/pandasoft-zz/glut/internal/asserter/api.go:88.2,88.80 1 1
github.com/pandasoft-zz/glut/internal/asserter/api.go:91.64,93.54 2 3
github.com/pandasoft-zz/glut/internal/asserter/api.go:93.54,95.3 1 1
github.com/pandasoft-zz/glut/internal/asserter/api.go:97.2,97.43 1 2
github.com/pandasoft-zz/glut/internal/asserter/api.go:97.43,98.21 1 4
github.com/pandasoft-zz/glut/internal/asserter/api.go:98.21,99.72 1 1
github.com/pandasoft-zz/glut/internal/asserter/api.go:99.72,101.5 1 0
github.com/pandasoft-zz/glut/internal/asserter/api.go:102.4,102.12 1 1
github.com/pandasoft-zz/glut/internal/asserter/api.go:104.3,105.60 2 3
github.com/pandasoft-zz/glut/internal/asserter/api.go:105.60,107.4 1 1
github.com/pandasoft-zz/glut/internal/asserter/api.go:109.2,109.13 1 1
github.com/pandasoft-zz/glut/internal/asserter/artifacts.go:14.101,16.51 2 11
github.com/pandasoft-zz/glut/internal/asserter/artifacts.go:16.51,19.17 3 6
github.com/pandasoft-zz/glut/internal/asserter/artifacts.go:19.17,21.12 2 1
github.com/pandasoft-zz/glut/internal/asserter/artifacts.go:23.3,23.93 1 5
github.com/pandasoft-zz/glut/internal/asserter/artifacts.go:25.2,25.16 1 11
github.com/pandasoft-zz/glut/internal/asserter/artifacts.go:28.103,33.26 4 7
github.com/pandasoft-zz/glut/internal/asserter/artifacts.go:33.26,35.3 1 5
github.com/pandasoft-zz/glut/internal/asserter/artifacts.go:36.2,36.13 1 7
github.com/pandasoft-zz/glut/internal/asserter/artifacts.go:36.13,37.40 1 1
github.com/pandasoft-zz/glut/internal/asserter/artifacts.go:37.40,39.4 1 0
github.com/pandasoft-zz/glut/internal/asserter/artifacts.go:40.3,40.17 1 1
github.com/pandasoft-zz/glut/internal/asserter/artifacts.go:43.2,43.23 1 6
github.com/pandasoft-zz/glut/internal/asserter/artifacts.go:43.23,46.3 2 1
github.com/pandasoft-zz/glut/internal/asserter/artifacts.go:47.2,47.24 1 6
github.com/pandasoft-zz/glut/internal/asserter/artifacts.go:47.24,49.3 1 1
github.com/pandasoft-zz/glut/internal/asserter/artifacts.go:50.2,50.27 1 6
github.com/pandasoft-zz/glut/internal/asserter/artifacts.go:50.27,52.3 1 3
github.com/pandasoft-zz/glut/internal/asserter/artifacts.go:53.2,53.28 1 6
github.com/pandasoft-zz/glut/internal/asserter/artifacts.go:53.28,55.21 2 1
github.com/pandasoft-zz/glut/internal/asserter/artifacts.go:55.21,57.4 1 0
github.com/pandasoft-zz/glut/internal/asserter/artifacts.go:57.9,59.4 1 1
github.com/pandasoft-zz/glut/internal/asserter/artifacts.go:61.2,61.45 1 6
github.com/pandasoft-zz/glut/internal/asserter/artifacts.go:61.45,63.21 2 2
github.com/pandasoft-zz/glut/internal/asserter/artifacts.go:63.21,65.4 1 0
github.com/pandasoft-zz/glut/internal/asserter/artifacts.go:65.9,66.17 1 2
github.com/pandasoft-zz/glut/internal/asserter/artifacts.go:66.17,67.50 1 2
github.com/pandasoft-zz/glut/internal/asserter/artifacts.go:67.50,69.6 1 0
github.com/pandasoft-zz/glut/internal/asserter/artifacts.go:71.4,71.24 1 2
github.com/pandasoft-zz/glut/internal/asserter/artifacts.go:71.24,73.22 2 2
github.com/pandasoft-zz/glut/internal/asserter/artifacts.go:73.22,75.6 1 1
github.com/pandasoft-zz/glut/internal/asserter/artifacts.go:75.11,77.6 1 1
github.com/pandasoft-zz/glut/internal/asserter/artifacts.go:79.4,79.76 1 2
github.com/pandasoft-zz/glut/internal/asserter/artifacts.go:79.76,81.22 2 1
github.com/pandasoft-zz/glut/internal/asserter/artifacts.go:81.22,83.6 1 0
github.com/pandasoft-zz/glut/internal/asserter/artifacts.go:83.11,85.6 1 1
github.com/pandasoft-zz/glut/internal/asserter/artifacts.go:89.2,89.16 1 6
github.com/pandasoft-zz/glut/internal/asserter/artifacts.go:92.68,93.49 1 4
github.com/pandasoft-zz/glut/internal/asserter/artifacts.go:93.49,95.3 1 1
github.com/pandasoft-zz/glut/internal/asserter/artifacts.go:96.2,96.48 1 3
github.com/pandasoft-zz/glut/internal/asserter/artifacts.go:99.42,101.9 2 9
github.com/pandasoft-zz/glut/internal/asserter/artifacts.go:102.24,103.16 1 3
github.com/pandasoft-zz/glut/internal/asserter/artifacts.go:104.20,105.21 1 3
github.com/pandasoft-zz/glut/internal/asserter/artifacts.go:106.32,107.19 1 3
github.com/pandasoft-zz/glut/internal/asserter/artifacts.go:108.31,109.18 1 0
github.com/pandasoft-zz/glut/internal/asserter/artifacts.go:110.10,111.23 1 0
github.com/pandasoft-zz/glut/internal/asserter/asserter.go:27.73,36.52 7 11
github.com/pandasoft-zz/glut/internal/asserter/asserter.go:36.52,38.3 1 50
github.com/pandasoft-zz/glut/internal/asserter/asserter.go:39.2,39.16 1 11
github.com/pandasoft-zz/glut/internal/asserter/binary.go:8.97,10.43 2 11
github.com/pandasoft-zz/glut/internal/asserter/binary.go:10.43,15.27 4 3
github.com/pandasoft-zz/glut/internal/asserter/binary.go:15.27,17.4 1 2
github.com/pandasoft-zz/glut/internal/asserter/binary.go:18.3,18.26 1 3
github.com/pandasoft-zz/glut/internal/asserter/binary.go:18.26,20.4 1 2
github.com/pandasoft-zz/glut/internal/asserter/binary.go:21.3,21.49 1 3
github.com/pandasoft-zz/glut/internal/asserter/binary.go:21.49,22.27 1 3
github.com/pandasoft-zz/glut/internal/asserter/binary.go:22.27,24.13 2 1
github.com/pandasoft-zz/glut/internal/asserter/binary.go:26.4,26.131 1 2
github.com/pandasoft-zz/glut/internal/asserter/binary.go:28.3,28.36 1 3
github.com/pandasoft-zz/glut/internal/asserter/binary.go:28.36,30.31 2 2
github.com/pandasoft-zz/glut/internal/asserter/binary.go:30.31,31.57 1 3
github.com/pandasoft-zz/glut/internal/asserter/binary.go:31.57,33.11 2 1
github.com/pandasoft-zz/glut/internal/asserter/binary.go:36.4,36.126 1 2
github.com/pandasoft-zz/glut/internal/asserter/binary.go:39.2,39.16 1 11
github.com/pandasoft-zz/glut/internal/asserter/binary.go:42.125,44.24 2 3
github.com/pandasoft-zz/glut/internal/asserter/binary.go:44.24,46.3 1 3
github.com/pandasoft-zz/glut/internal/asserter/binary.go:47.2,47.23 1 3
github.com/pandasoft-zz/glut/internal/asserter/binary.go:47.23,49.3 1 1
github.com/pandasoft-zz/glut/internal/asserter/binary.go:50.2,50.25 1 3
github.com/pandasoft-zz/glut/internal/asserter/binary.go:50.25,52.3 1 1
github.com/pandasoft-zz/glut/internal/asserter/binary.go:53.2,53.16 1 3
github.com/pandasoft-zz/glut/internal/asserter/binary.go:56.90,57.70 1 4
github.com/pandasoft-zz/glut/internal/asserter/binary.go:57.70,59.3 1 3
github.com/pandasoft-zz/glut/internal/asserter/binary.go:60.2,60.67 1 1
github.com/pandasoft-zz/glut/internal/asserter/binary.go:60.67,62.3 1 0
github.com/pandasoft-zz/glut/internal/asserter/binary.go:63.2,63.73 1 1
github.com/pandasoft-zz/glut/internal/asserter/binary.go:63.73,65.3 1 0
github.com/pandasoft-zz/glut/internal/asserter/binary.go:66.2,66.13 1 1
github.com/pandasoft-zz/glut/internal/asserter/git.go:11.81,12.20 1 11
github.com/pandasoft-zz/glut/internal/asserter/git.go:12.20,14.3 1 10
github.com/pandasoft-zz/glut/internal/asserter/git.go:16.2,17.27 2 1
github.com/pandasoft-zz/glut/internal/asserter/git.go:17.27,19.3 1 1
github.com/pandasoft-zz/glut/internal/asserter/git.go:20.2,20.30 1 1
github.com/pandasoft-zz/glut/internal/asserter/git.go:20.30,22.3 1 1
github.com/pandasoft-zz/glut/internal/asserter/git.go:23.2,23.16 1 1
github.com/pandasoft-zz/glut/internal/asserter/git.go:26.113,29.27 2 2
github.com/pandasoft-zz/glut/internal/asserter/git.go:29.27,31.17 2 1
github.com/pandasoft-zz/glut/internal/asserter/git.go:31.17,33.4 1 0
github.com/pandasoft-zz/glut/internal/asserter/git.go:33.9,35.4 1 1
github.com/pandasoft-zz/glut/internal/asserter/git.go:38.2,38.30 1 2
github.com/pandasoft-zz/glut/internal/asserter/git.go:38.30,40.3 1 1
github.com/pandasoft-zz/glut/internal/asserter/git.go:42.2,42.55 1 2
github.com/pandasoft-zz/glut/internal/asserter/git.go:42.55,45.3 2 2
github.com/pandasoft-zz/glut/internal/asserter/git.go:47.2,47.35 1 2
github.com/pandasoft-zz/glut/internal/asserter/git.go:47.35,49.17 2 1
github.com/pandasoft-zz/glut/internal/asserter/git.go:49.17,51.4 1 0
github.com/pandasoft-zz/glut/internal/asserter/git.go:51.9,53.4 1 1
github.com/pandasoft-zz/glut/internal/asserter/git.go:56.2,56.34 1 2
github.com/pandasoft-zz/glut/internal/asserter/git.go:56.34,58.17 2 1
github.com/pandasoft-zz/glut/internal/asserter/git.go:58.17,60.4 1 0
github.com/pandasoft-zz/glut/internal/asserter/git.go:60.9,63.4 2 1
github.com/pandasoft-zz/glut/internal/asserter/git.go:66.2,66.16 1 2
github.com/pandasoft-zz/glut/internal/asserter/git.go:69.62,70.10 1 2
github.com/pandasoft-zz/glut/internal/asserter/git.go:70.10,72.17 2 1
github.com/pandasoft-zz/glut/internal/asserter/git.go:72.17,74.4 1 0
github.com/pandasoft-zz/glut/internal/asserter/git.go:75.3,77.21 3 1
github.com/pandasoft-zz/glut/internal/asserter/git.go:77.21,79.4 1 0
github.com/pandasoft-zz/glut/internal/asserter/git.go:80.3,80.20 1 1
github.com/pandasoft-zz/glut/internal/asserter/git.go:83.2,84.16 2 1
github.com/pandasoft-zz/glut/internal/asserter/git.go:84.16,86.3 1 1
github.com/pandasoft-zz/glut/internal/asserter/git.go:87.2,89.20 3 0
github.com/pandasoft-zz/glut/internal/asserter/git.go:89.20,91.3 1 0
github.com/pandasoft-zz/glut/internal/asserter/git.go:92.2,92.19 1 0
github.com/pandasoft-zz/glut/internal/asserter/git.go:95.126,110.80 4 1
github.com/pandasoft-zz/glut/internal/asserter/git.go:110.80,112.22 2 4
github.com/pandasoft-zz/glut/internal/asserter/git.go:112.22,113.12 1 1
github.com/pandasoft-zz/glut/internal/asserter/git.go:115.3,117.11 3 3
github.com/pandasoft-zz/glut/internal/asserter/git.go:117.11,119.4 1 3
github.com/pandasoft-zz/glut/internal/asserter/git.go:119.9,121.4 1 0
github.com/pandasoft-zz/glut/internal/asserter/git.go:122.3,122.17 1 3
github.com/pandasoft-zz/glut/internal/asserter/git.go:122.17,124.12 2 0
github.com/pandasoft-zz/glut/internal/asserter/git.go:126.3,126.93 1 3
github.com/pandasoft-zz/glut/internal/asserter/git.go:129.2,129.16 1 1
github.com/pandasoft-zz/glut/internal/asserter/git.go:132.134,133.10 1 2
github.com/pandasoft-zz/glut/internal/asserter/git.go:133.10,135.3 1 1
github.com/pandasoft-zz/glut/internal/asserter/git.go:136.2,137.16 2 1
github.com/pandasoft-zz/glut/internal/asserter/git.go:137.16,139.3 1 0
github.com/pandasoft-zz/glut/internal/asserter/git.go:140.2,140.54 1 1
github.com/pandasoft-zz/glut/internal/asserter/git.go:143.127,146.99 3 3
github.com/pandasoft-zz/glut/internal/asserter/git.go:146.99,148.3 1 1
github.com/pandasoft-zz/glut/internal/asserter/git.go:150.2,152.26 3 2
github.com/pandasoft-zz/glut/internal/asserter/git.go:152.26,154.3 1 2
github.com/pandasoft-zz/glut/internal/asserter/git.go:155.2,155.13 1 2
github.com/pandasoft-zz/glut/internal/asserter/git.go:155.13,156.23 1 0
github.com/pandasoft-zz/glut/internal/asserter/git.go:156.23,158.4 1 0
github.com/pandasoft-zz/glut/internal/asserter/git.go:159.3,159.17 1 0
github.com/pandasoft-zz/glut/internal/asserter/git.go:162.2,162.28 1 2
github.com/pandasoft-zz/glut/internal/asserter/git.go:162.28,164.17 2 2
github.com/pandasoft-zz/glut/internal/asserter/git.go:164.17,166.4 1 0
github.com/pandasoft-zz/glut/internal/asserter/git.go:166.9,168.4 1 2
github.com/pandasoft-zz/glut/internal/asserter/git.go:170.2,170.48 1 2
github.com/pandasoft-zz/glut/internal/asserter/git.go:170.48,172.17 2 1
github.com/pandasoft-zz/glut/internal/asserter/git.go:172.17,175.4 2 0
github.com/pandasoft-zz/glut/internal/asserter/git.go:176.3,177.23 2 1
github.com/pandasoft-zz/glut/internal/asserter/git.go:177.23,178.25 1 1
github.com/pandasoft-zz/glut/internal/asserter/git.go:178.25,180.5 1 1
github.com/pandasoft-zz/glut/internal/asserter/git.go:181.4,181.29 1 1
github.com/pandasoft-zz/glut/internal/asserter/git.go:181.29,184.5 2 1
github.com/pandasoft-zz/glut/internal/asserter/git.go:187.2,187.16 1 2
github.com/pandasoft-zz/glut/internal/asserter/git.go:190.53,191.17 1 4
github.com/pandasoft-zz/glut/internal/asserter/git.go:192.14,193.16 1 2
github.com/pandasoft-zz/glut/internal/asserter/git.go:194.14,195.21 1 1
github.com/pandasoft-zz/glut/internal/asserter/git.go:196.10,197.17 1 1
github.com/pandasoft-zz/glut/internal/asserter/helpers.go:15.43,17.2 1 43
github.com/pandasoft-zz/glut/internal/asserter/helpers.go:19.69,26.2 1 8
github.com/pandasoft-zz/glut/internal/asserter/helpers.go:28.54,30.26 2 46
github.com/pandasoft-zz/glut/internal/asserter/helpers.go:30.26,32.3 1 16
github.com/pandasoft-zz/glut/internal/asserter/helpers.go:33.2,34.13 2 46
github.com/pandasoft-zz/glut/internal/asserter/helpers.go:37.52,39.2 1 16
github.com/pandasoft-zz/glut/internal/asserter/helpers.go:41.38,42.31 1 21
github.com/pandasoft-zz/glut/internal/asserter/helpers.go:43.11,44.16 1 1
github.com/pandasoft-zz/glut/internal/asserter/helpers.go:45.14,46.15 1 11
github.com/pandasoft-zz/glut/internal/asserter/helpers.go:47.13,48.23 1 3
github.com/pandasoft-zz/glut/internal/asserter/helpers.go:51.2,52.16 2 6
github.com/pandasoft-zz/glut/internal/asserter/helpers.go:52.16,54.3 1 6
github.com/pandasoft-zz/glut/internal/asserter/helpers.go:55.2,55.33 1 0
github.com/pandasoft-zz/glut/internal/asserter/helpers.go:58.43,59.31 1 91
github.com/pandasoft-zz/glut/internal/asserter/helpers.go:60.11,61.30 1 31
github.com/pandasoft-zz/glut/internal/asserter/helpers.go:62.12,63.30 1 1
github.com/pandasoft-zz/glut/internal/asserter/helpers.go:64.13,65.30 1 1
github.com/pandasoft-zz/glut/internal/asserter/helpers.go:66.13,67.30 1 1
github.com/pandasoft-zz/glut/internal/asserter/helpers.go:68.13,69.30 1 2
github.com/pandasoft-zz/glut/internal/asserter/helpers.go:70.12,71.30 1 1
github.com/pandasoft-zz/glut/internal/asserter/helpers.go:72.13,73.30 1 1
github.com/pandasoft-zz/glut/internal/asserter/helpers.go:74.14,75.30 1 1
github.com/pandasoft-zz/glut/internal/asserter/helpers.go:76.14,77.30 1 1
github.com/pandasoft-zz/glut/internal/asserter/helpers.go:78.14,79.30 1 1
github.com/pandasoft-zz/glut/internal/asserter/helpers.go:80.15,81.30 1 1
github.com/pandasoft-zz/glut/internal/asserter/helpers.go:82.15,83.21 1 6
github.com/pandasoft-zz/glut/internal/asserter/helpers.go:84.19,86.28 2 2
github.com/pandasoft-zz/glut/internal/asserter/helpers.go:88.2,88.17 1 41
github.com/pandasoft-zz/glut/internal/asserter/helpers.go:91.39,92.18 1 155
github.com/pandasoft-zz/glut/internal/asserter/helpers.go:92.18,94.3 1 1
github.com/pandasoft-zz/glut/internal/asserter/helpers.go:95.2,95.37 1 154
github.com/pandasoft-zz/glut/internal/asserter/helpers.go:95.37,97.3 1 21
github.com/pandasoft-zz/glut/internal/asserter/helpers.go:98.2,99.76 2 133
github.com/pandasoft-zz/glut/internal/asserter/helpers.go:99.76,101.3 1 119
github.com/pandasoft-zz/glut/internal/asserter/helpers.go:103.2,104.39 2 14
github.com/pandasoft-zz/glut/internal/asserter/helpers.go:104.39,106.3 1 24
github.com/pandasoft-zz/glut/internal/asserter/helpers.go:107.2,107.18 1 14
github.com/pandasoft-zz/glut/internal/asserter/helpers.go:110.52,111.18 1 163
github.com/pandasoft-zz/glut/internal/asserter/helpers.go:111.18,113.3 1 1
github.com/pandasoft-zz/glut/internal/asserter/helpers.go:114.2,114.45 1 162
github.com/pandasoft-zz/glut/internal/asserter/helpers.go:114.45,116.3 1 45
github.com/pandasoft-zz/glut/internal/asserter/helpers.go:117.2,118.88 2 117
github.com/pandasoft-zz/glut/internal/asserter/helpers.go:118.88,120.3 1 116
github.com/pandasoft-zz/glut/internal/asserter/helpers.go:122.2,123.42 2 1
github.com/pandasoft-zz/glut/internal/asserter/helpers.go:123.42,125.3 1 1
github.com/pandasoft-zz/glut/internal/asserter/helpers.go:126.2,126.18 1 1
github.com/pandasoft-zz/glut/internal/asserter/helpers.go:129.52,130.38 1 50
github.com/pandasoft-zz/glut/internal/asserter/helpers.go:130.38,132.3 1 0
github.com/pandasoft-zz/glut/internal/asserter/helpers.go:133.2,133.51 1 50
github.com/pandasoft-zz/glut/internal/asserter/helpers.go:133.51,136.3 2 10
github.com/pandasoft-zz/glut/internal/asserter/helpers.go:138.2,140.38 3 40
github.com/pandasoft-zz/glut/internal/asserter/helpers.go:140.38,141.83 1 2
github.com/pandasoft-zz/glut/internal/asserter/helpers.go:141.83,143.4 1 0
github.com/pandasoft-zz/glut/internal/asserter/helpers.go:144.3,144.32 1 2
github.com/pandasoft-zz/glut/internal/asserter/helpers.go:144.32,145.57 1 4
github.com/pandasoft-zz/glut/internal/asserter/helpers.go:145.57,147.5 1 0
github.com/pandasoft-zz/glut/internal/asserter/helpers.go:149.3,149.14 1 2
github.com/pandasoft-zz/glut/internal/asserter/helpers.go:152.2,154.34 3 38
github.com/pandasoft-zz/glut/internal/asserter/helpers.go:154.34,155.75 1 3
github.com/pandasoft-zz/glut/internal/asserter/helpers.go:155.75,157.4 1 1
github.com/pandasoft-zz/glut/internal/asserter/helpers.go:158.3,158.47 1 2
github.com/pandasoft-zz/glut/internal/asserter/helpers.go:158.47,160.58 2 2
github.com/pandasoft-zz/glut/internal/asserter/helpers.go:160.58,162.5 1 1
github.com/pandasoft-zz/glut/internal/asserter/helpers.go:164.3,164.14 1 1
github.com/pandasoft-zz/glut/internal/asserter/helpers.go:167.2,167.44 1 35
github.com/pandasoft-zz/glut/internal/asserter/helpers.go:170.74,171.34 1 10
github.com/pandasoft-zz/glut/internal/asserter/helpers.go:171.34,173.3 1 1
github.com/pandasoft-zz/glut/internal/asserter/helpers.go:175.2,176.22 2 9
github.com/pandasoft-zz/glut/internal/asserter/helpers.go:176.22,178.3 1 1
github.com/pandasoft-zz/glut/internal/asserter/helpers.go:179.2,179.86 1 8
github.com/pandasoft-zz/glut/internal/asserter/helpers.go:179.86,181.3 1 2
github.com/pandasoft-zz/glut/internal/asserter/helpers.go:183.2,185.16 3 6
github.com/pandasoft-zz/glut/internal/asserter/helpers.go:185.16,187.3 1 0
github.com/pandasoft-zz/glut/internal/asserter/helpers.go:188.2,188.84 1 6
github.com/pandasoft-zz/glut/internal/asserter/helpers.go:188.84,190.3 1 0
github.com/pandasoft-zz/glut/internal/asserter/helpers.go:191.2,191.22 1 6
github.com/pandasoft-zz/glut/internal/asserter/helpers.go:194.62,198.16 4 35
github.com/pandasoft-zz/glut/internal/asserter/helpers.go:198.16,200.3 1 2
github.com/pandasoft-zz/glut/internal/asserter/helpers.go:201.2,201.52 1 33
github.com/pandasoft-zz/glut/internal/asserter/helpers.go:204.64,205.17 1 5
github.com/pandasoft-zz/glut/internal/asserter/helpers.go:205.17,207.3 1 4
github.com/pandasoft-zz/glut/internal/asserter/helpers.go:208.2,208.56 1 1
github.com/pandasoft-zz/glut/internal/asserter/job.go:7.91,9.46 2 11
github.com/pandasoft-zz/glut/internal/asserter/job.go:9.46,14.31 4 2
github.com/pandasoft-zz/glut/internal/asserter/job.go:14.31,16.4 1 1
github.com/pandasoft-zz/glut/internal/asserter/job.go:17.3,17.15 1 2
github.com/pandasoft-zz/glut/internal/asserter/job.go:17.15,18.12 1 1
github.com/pandasoft-zz/glut/internal/asserter/job.go:21.3,21.34 1 1
github.com/pandasoft-zz/glut/internal/asserter/job.go:21.34,24.4 2 1
github.com/pandasoft-zz/glut/internal/asserter/job.go:25.3,25.30 1 1
github.com/pandasoft-zz/glut/internal/asserter/job.go:25.30,28.4 2 1
github.com/pandasoft-zz/glut/internal/asserter/job.go:29.3,29.30 1 1
github.com/pandasoft-zz/glut/internal/asserter/job.go:29.30,32.4 2 1
github.com/pandasoft-zz/glut/internal/asserter/job.go:34.2,34.16 1 11
github.com/pandasoft-zz/glut/internal/asserter/job.go:37.66,38.18 1 21
github.com/pandasoft-zz/glut/internal/asserter/job.go:38.18,40.3 1 20
github.com/pandasoft-zz/glut/internal/asserter/job.go:41.2,41.55 1 1
github.com/pandasoft-zz/glut/internal/asserter/job.go:44.86,45.12 1 23
github.com/pandasoft-zz/glut/internal/asserter/job.go:45.12,47.3 1 22
github.com/pandasoft-zz/glut/internal/asserter/job.go:48.2,48.43 1 1
github.com/pandasoft-zz/glut/internal/asserter/matcher.go:42.54,43.49 1 81
github.com/pandasoft-zz/glut/internal/asserter/matcher.go:43.49,44.100 1 34
github.com/pandasoft-zz/glut/internal/asserter/matcher.go:44.100,45.66 1 2
github.com/pandasoft-zz/glut/internal/asserter/matcher.go:45.66,47.5 1 2
github.com/pandasoft-zz/glut/internal/asserter/matcher.go:48.4,48.69 1 0
github.com/pandasoft-zz/glut/internal/asserter/matcher.go:52.2,53.36 2 79
github.com/pandasoft-zz/glut/internal/asserter/matcher.go:53.36,54.39 1 35
github.com/pandasoft-zz/glut/internal/asserter/matcher.go:54.39,55.24 1 35
github.com/pandasoft-zz/glut/internal/asserter/matcher.go:55.24,57.5 1 34
github.com/pandasoft-zz/glut/internal/asserter/matcher.go:61.2,61.48 1 45
github.com/pandasoft-zz/glut/internal/asserter/matcher.go:61.48,63.16 2 4
github.com/pandasoft-zz/glut/internal/asserter/matcher.go:63.16,65.4 1 0
github.com/pandasoft-zz/glut/internal/asserter/matcher.go:66.3,66.38 1 4
github.com/pandasoft-zz/glut/internal/asserter/matcher.go:66.38,68.43 2 5
github.com/pandasoft-zz/glut/internal/asserter/matcher.go:68.43,69.44 1 7
github.com/pandasoft-zz/glut/internal/asserter/matcher.go:69.44,71.11 2 4
github.com/pandasoft-zz/glut/internal/asserter/matcher.go:74.4,74.14 1 5
github.com/pandasoft-zz/glut/internal/asserter/matcher.go:74.14,76.5 1 1
github.com/pandasoft-zz/glut/internal/asserter/matcher.go:78.3,78.34 1 3
github.com/pandasoft-zz/glut/internal/asserter/matcher.go:81.2,81.38 1 41
github.com/pandasoft-zz/glut/internal/asserter/matcher.go:81.38,83.3 1 25
github.com/pandasoft-zz/glut/internal/asserter/matcher.go:84.2,84.55 1 16
github.com/pandasoft-zz/glut/internal/asserter/matcher.go:87.48,91.2 1 34
github.com/pandasoft-zz/glut/internal/asserter/matcher.go:93.67,94.14 1 34
github.com/pandasoft-zz/glut/internal/asserter/matcher.go:95.15,96.39 1 1
github.com/pandasoft-zz/glut/internal/asserter/matcher.go:96.39,98.4 1 1
[...]
github.com/pandasoft-zz/glut/internal/workspace/workspace.go:130.2,130.15 1 4
github.com/pandasoft-zz/glut/internal/workspace/workspace.go:130.15,131.48 1 4
github.com/pandasoft-zz/glut/internal/workspace/workspace.go:131.48,133.4 1 0
github.com/pandasoft-zz/glut/internal/workspace/workspace.go:136.2,138.28 3 4
github.com/pandasoft-zz/glut/internal/workspace/workspace.go:138.28,140.3 1 1
github.com/pandasoft-zz/glut/internal/workspace/workspace.go:141.2,141.29 1 4
github.com/pandasoft-zz/glut/internal/workspace/workspace.go:141.29,143.3 1 1
github.com/pandasoft-zz/glut/internal/workspace/workspace.go:144.2,144.83 1 4
github.com/pandasoft-zz/glut/internal/workspace/workspace.go:144.83,146.3 1 0
github.com/pandasoft-zz/glut/internal/workspace/workspace.go:147.2,147.81 1 4
github.com/pandasoft-zz/glut/internal/workspace/workspace.go:147.81,149.3 1 0
github.com/pandasoft-zz/glut/internal/workspace/workspace.go:150.2,150.91 1 4
github.com/pandasoft-zz/glut/internal/workspace/workspace.go:150.91,152.3 1 0
github.com/pandasoft-zz/glut/internal/workspace/workspace.go:154.2,154.27 1 4
github.com/pandasoft-zz/glut/internal/workspace/workspace.go:154.27,155.43 1 3
github.com/pandasoft-zz/glut/internal/workspace/workspace.go:155.43,157.64 2 3
github.com/pandasoft-zz/glut/internal/workspace/workspace.go:157.64,159.5 1 0
github.com/pandasoft-zz/glut/internal/workspace/workspace.go:160.4,160.68 1 3
github.com/pandasoft-zz/glut/internal/workspace/workspace.go:160.68,162.5 1 0
github.com/pandasoft-zz/glut/internal/workspace/workspace.go:164.3,164.93 1 3
github.com/pandasoft-zz/glut/internal/workspace/workspace.go:164.93,166.4 1 0
github.com/pandasoft-zz/glut/internal/workspace/workspace.go:168.3,169.33 2 3
github.com/pandasoft-zz/glut/internal/workspace/workspace.go:169.33,171.4 1 2
github.com/pandasoft-zz/glut/internal/workspace/workspace.go:172.3,172.73 1 3
github.com/pandasoft-zz/glut/internal/workspace/workspace.go:172.73,174.4 1 1
github.com/pandasoft-zz/glut/internal/workspace/workspace.go:177.2,177.30 1 3
github.com/pandasoft-zz/glut/internal/workspace/workspace.go:177.30,178.42 1 2
github.com/pandasoft-zz/glut/internal/workspace/workspace.go:178.42,188.18 5 3
github.com/pandasoft-zz/glut/internal/workspace/workspace.go:188.18,190.5 1 1
github.com/pandasoft-zz/glut/internal/workspace/workspace.go:195.2,195.75 1 2
github.com/pandasoft-zz/glut/internal/workspace/workspace.go:195.75,197.3 1 0
github.com/pandasoft-zz/glut/internal/workspace/workspace.go:198.2,198.76 1 2
github.com/pandasoft-zz/glut/internal/workspace/workspace.go:198.76,200.3 1 0
github.com/pandasoft-zz/glut/internal/workspace/workspace.go:202.2,202.12 1 2
github.com/pandasoft-zz/glut/internal/workspace/workspace.go:205.37,206.21 1 5
github.com/pandasoft-zz/glut/internal/workspace/workspace.go:206.21,215.3 8 2
github.com/pandasoft-zz/glut/internal/workspace/workspace.go:216.2,216.28 1 3
github.com/pandasoft-zz/glut/internal/workspace/workspace.go:219.60,223.16 4 76
github.com/pandasoft-zz/glut/internal/workspace/workspace.go:223.16,225.3 1 5
github.com/pandasoft-zz/glut/internal/workspace/workspace.go:226.2,226.12 1 71
github.com/pandasoft-zz/glut/internal/workspace/workspace.go:229.42,234.16 4 14
github.com/pandasoft-zz/glut/internal/workspace/workspace.go:234.16,236.53 2 1
github.com/pandasoft-zz/glut/internal/workspace/workspace.go:236.53,238.4 1 1
github.com/pandasoft-zz/glut/internal/workspace/workspace.go:242.2,245.16 4 13
github.com/pandasoft-zz/glut/internal/workspace/workspace.go:245.16,247.22 2 1
github.com/pandasoft-zz/glut/internal/workspace/workspace.go:247.22,249.4 1 1
github.com/pandasoft-zz/glut/internal/workspace/workspace.go:252.2,252.33 1 12
github.com/pandasoft-zz/glut/internal/workspace/workspace.go:255.55,256.56 1 10
github.com/pandasoft-zz/glut/internal/workspace/workspace.go:256.56,258.3 1 1
github.com/pandasoft-zz/glut/internal/workspace/workspace.go:260.2,262.34 3 9
github.com/pandasoft-zz/glut/internal/workspace/workspace.go:262.34,264.3 1 2
github.com/pandasoft-zz/glut/internal/workspace/workspace.go:266.2,266.52 1 7
github.com/pandasoft-zz/glut/internal/workspace/workspace.go:269.58,272.34 3 7
github.com/pandasoft-zz/glut/internal/workspace/workspace.go:272.34,274.3 1 5
github.com/pandasoft-zz/glut/internal/workspace/workspace.go:275.2,275.53 1 2
github.com/pandasoft-zz/glut/internal/workspace/workspace.go:278.44,279.81 1 4
github.com/pandasoft-zz/glut/internal/workspace/workspace.go:279.81,280.17 1 8
github.com/pandasoft-zz/glut/internal/workspace/workspace.go:280.17,282.4 1 2
github.com/pandasoft-zz/glut/internal/workspace/workspace.go:285.3,286.17 2 6
github.com/pandasoft-zz/glut/internal/workspace/workspace.go:286.17,288.4 1 0
github.com/pandasoft-zz/glut/internal/workspace/workspace.go:290.3,292.19 2 6
github.com/pandasoft-zz/glut/internal/workspace/workspace.go:292.19,294.4 1 4
github.com/pandasoft-zz/glut/internal/workspace/workspace.go:297.3,297.88 1 2
github.com/pandasoft-zz/glut/internal/workspace/workspace.go:297.88,299.4 1 0
github.com/pandasoft-zz/glut/internal/workspace/workspace.go:301.3,302.17 2 2
github.com/pandasoft-zz/glut/internal/workspace/workspace.go:302.17,304.4 1 0
github.com/pandasoft-zz/glut/internal/workspace/workspace.go:306.3,306.50 1 2
github.com/pandasoft-zz/glut/internal/runner/runner.go:98.86,100.60 2 16
github.com/pandasoft-zz/glut/internal/runner/runner.go:100.60,102.3 1 1
github.com/pandasoft-zz/glut/internal/runner/runner.go:104.2,105.16 2 15
github.com/pandasoft-zz/glut/internal/runner/runner.go:105.16,107.3 1 1
github.com/pandasoft-zz/glut/internal/runner/runner.go:109.2,110.16 2 14
github.com/pandasoft-zz/glut/internal/runner/runner.go:110.16,112.3 1 0
github.com/pandasoft-zz/glut/internal/runner/runner.go:114.2,114.37 1 14
github.com/pandasoft-zz/glut/internal/runner/runner.go:114.37,116.3 1 1
github.com/pandasoft-zz/glut/internal/runner/runner.go:118.2,122.33 4 14
github.com/pandasoft-zz/glut/internal/runner/runner.go:122.33,125.24 3 17
github.com/pandasoft-zz/glut/internal/runner/runner.go:125.24,127.4 1 6
github.com/pandasoft-zz/glut/internal/runner/runner.go:127.9,129.4 1 11
github.com/pandasoft-zz/glut/internal/runner/runner.go:131.3,131.38 1 17
github.com/pandasoft-zz/glut/internal/runner/runner.go:131.38,133.4 1 1
github.com/pandasoft-zz/glut/internal/runner/runner.go:135.3,135.31 1 17
github.com/pandasoft-zz/glut/internal/runner/runner.go:135.31,136.9 1 2
github.com/pandasoft-zz/glut/internal/runner/runner.go:140.2,141.37 2 14
github.com/pandasoft-zz/glut/internal/runner/runner.go:141.37,143.3 1 1
github.com/pandasoft-zz/glut/internal/runner/runner.go:145.2,145.23 1 14
github.com/pandasoft-zz/glut/internal/runner/runner.go:145.23,147.3 1 8
github.com/pandasoft-zz/glut/internal/runner/runner.go:148.2,148.23 1 6
github.com/pandasoft-zz/glut/internal/runner/runner.go:151.88,155.16 3 1
github.com/pandasoft-zz/glut/internal/runner/runner.go:155.16,157.3 1 0
github.com/pandasoft-zz/glut/internal/runner/runner.go:159.2,160.33 2 1
github.com/pandasoft-zz/glut/internal/runner/runner.go:160.33,165.3 1 1
github.com/pandasoft-zz/glut/internal/runner/runner.go:166.2,166.20 1 1
github.com/pandasoft-zz/glut/internal/runner/runner.go:169.79,171.16 2 18
github.com/pandasoft-zz/glut/internal/runner/runner.go:171.16,173.3 1 0
github.com/pandasoft-zz/glut/internal/runner/runner.go:175.2,177.31 3 18
github.com/pandasoft-zz/glut/internal/runner/runner.go:177.31,179.17 2 18
github.com/pandasoft-zz/glut/internal/runner/runner.go:179.17,181.4 1 1
github.com/pandasoft-zz/glut/internal/runner/runner.go:183.3,183.19 1 17
github.com/pandasoft-zz/glut/internal/runner/runner.go:183.19,184.92 1 17
github.com/pandasoft-zz/glut/internal/runner/runner.go:184.92,185.23 1 42
github.com/pandasoft-zz/glut/internal/runner/runner.go:185.23,187.6 1 0
github.com/pandasoft-zz/glut/internal/runner/runner.go:188.5,188.22 1 42
github.com/pandasoft-zz/glut/internal/runner/runner.go:188.22,190.6 1 19
github.com/pandasoft-zz/glut/internal/runner/runner.go:191.5,191.26 1 23
github.com/pandasoft-zz/glut/internal/runner/runner.go:191.26,193.6 1 0
github.com/pandasoft-zz/glut/internal/runner/runner.go:195.5,196.19 2 23
github.com/pandasoft-zz/glut/internal/runner/runner.go:196.19,197.35 1 2
github.com/pandasoft-zz/glut/internal/runner/runner.go:197.35,199.7 1 1
github.com/pandasoft-zz/glut/internal/runner/runner.go:200.6,200.16 1 1
github.com/pandasoft-zz/glut/internal/runner/runner.go:202.5,202.26 1 21
github.com/pandasoft-zz/glut/internal/runner/runner.go:202.26,204.6 1 20
github.com/pandasoft-zz/glut/internal/runner/runner.go:205.5,205.15 1 21
github.com/pandasoft-zz/glut/internal/runner/runner.go:207.4,207.18 1 17
github.com/pandasoft-zz/glut/internal/runner/runner.go:207.18,209.5 1 1
github.com/pandasoft-zz/glut/internal/runner/runner.go:210.4,210.12 1 16
github.com/pandasoft-zz/glut/internal/runner/runner.go:213.3,214.17 2 0
github.com/pandasoft-zz/glut/internal/runner/runner.go:214.17,216.4 1 0
github.com/pandasoft-zz/glut/internal/runner/runner.go:217.3,217.24 1 0
github.com/pandasoft-zz/glut/internal/runner/runner.go:217.24,219.4 1 0
github.com/pandasoft-zz/glut/internal/runner/runner.go:222.2,222.44 1 16
github.com/pandasoft-zz/glut/internal/runner/runner.go:222.44,223.53 1 5
github.com/pandasoft-zz/glut/internal/runner/runner.go:223.53,225.4 1 0
github.com/pandasoft-zz/glut/internal/runner/runner.go:226.3,226.55 1 5
github.com/pandasoft-zz/glut/internal/runner/runner.go:228.2,228.23 1 16
github.com/pandasoft-zz/glut/internal/runner/runner.go:231.58,233.16 2 24
github.com/pandasoft-zz/glut/internal/runner/runner.go:233.16,235.3 1 1
github.com/pandasoft-zz/glut/internal/runner/runner.go:237.2,238.16 2 23
github.com/pandasoft-zz/glut/internal/runner/runner.go:238.16,240.3 1 0
github.com/pandasoft-zz/glut/internal/runner/runner.go:241.2,241.31 1 23
github.com/pandasoft-zz/glut/internal/runner/runner.go:241.31,243.50 2 1
github.com/pandasoft-zz/glut/internal/runner/runner.go:243.50,245.4 1 1
github.com/pandasoft-zz/glut/internal/runner/runner.go:246.3,246.91 1 1
github.com/pandasoft-zz/glut/internal/runner/runner.go:249.2,251.29 3 22
github.com/pandasoft-zz/glut/internal/runner/runner.go:251.29,252.38 1 1
github.com/pandasoft-zz/glut/internal/runner/runner.go:252.38,253.12 1 0
github.com/pandasoft-zz/glut/internal/runner/runner.go:255.3,255.48 1 1
github.com/pandasoft-zz/glut/internal/runner/runner.go:257.2,257.25 1 22
github.com/pandasoft-zz/glut/internal/runner/runner.go:257.25,259.3 1 1
github.com/pandasoft-zz/glut/internal/runner/runner.go:261.2,261.22 1 21
github.com/pandasoft-zz/glut/internal/runner/runner.go:270.23,288.15 3 17
github.com/pandasoft-zz/glut/internal/runner/runner.go:288.15,289.20 1 17
github.com/pandasoft-zz/glut/internal/runner/runner.go:289.20,290.40 1 17
github.com/pandasoft-zz/glut/internal/runner/runner.go:290.40,292.5 1 0
github.com/pandasoft-zz/glut/internal/runner/runner.go:293.4,293.40 1 17
github.com/pandasoft-zz/glut/internal/runner/runner.go:296.3,296.18 1 17
github.com/pandasoft-zz/glut/internal/runner/runner.go:296.18,299.18 3 17
github.com/pandasoft-zz/glut/internal/runner/runner.go:299.18,301.5 1 0
github.com/pandasoft-zz/glut/internal/runner/runner.go:302.4,302.41 1 17
github.com/pandasoft-zz/glut/internal/runner/runner.go:305.3,305.50 1 17
github.com/pandasoft-zz/glut/internal/runner/runner.go:305.50,307.4 1 0
github.com/pandasoft-zz/glut/internal/runner/runner.go:308.3,310.35 2 17
github.com/pandasoft-zz/glut/internal/runner/runner.go:310.35,321.4 1 1
github.com/pandasoft-zz/glut/internal/runner/runner.go:324.2,325.15 2 17
github.com/pandasoft-zz/glut/internal/runner/runner.go:325.15,327.3 1 17
github.com/pandasoft-zz/glut/internal/runner/runner.go:329.2,332.23 4 17
github.com/pandasoft-zz/glut/internal/runner/runner.go:332.23,336.3 3 0
github.com/pandasoft-zz/glut/internal/runner/runner.go:338.2,341.23 4 17
github.com/pandasoft-zz/glut/internal/runner/runner.go:341.23,345.3 3 0
github.com/pandasoft-zz/glut/internal/runner/runner.go:347.2,350.23 4 17
github.com/pandasoft-zz/glut/internal/runner/runner.go:350.23,354.3 3 0
github.com/pandasoft-zz/glut/internal/runner/runner.go:356.2,357.31 2 17
github.com/pandasoft-zz/glut/internal/runner/runner.go:357.31,359.3 1 2
github.com/pandasoft-zz/glut/internal/runner/runner.go:360.2,361.23 2 17
github.com/pandasoft-zz/glut/internal/runner/runner.go:361.23,365.3 3 1
github.com/pandasoft-zz/glut/internal/runner/runner.go:367.2,370.16 4 16
github.com/pandasoft-zz/glut/internal/runner/runner.go:370.16,374.3 3 0
github.com/pandasoft-zz/glut/internal/runner/runner.go:376.2,387.81 3 16
github.com/pandasoft-zz/glut/internal/runner/runner.go:387.81,391.3 3 0
github.com/pandasoft-zz/glut/internal/runner/runner.go:393.2,393.28 1 16
github.com/pandasoft-zz/glut/internal/runner/runner.go:393.28,397.17 4 15
github.com/pandasoft-zz/glut/internal/runner/runner.go:397.17,401.4 3 1
github.com/pandasoft-zz/glut/internal/runner/runner.go:402.3,402.33 1 14
github.com/pandasoft-zz/glut/internal/runner/runner.go:402.33,404.4 1 14
github.com/pandasoft-zz/glut/internal/runner/runner.go:407.2,410.44 4 15
github.com/pandasoft-zz/glut/internal/runner/runner.go:410.44,413.3 2 14
github.com/pandasoft-zz/glut/internal/runner/runner.go:414.2,414.16 1 15
github.com/pandasoft-zz/glut/internal/runner/runner.go:414.16,416.3 1 1
github.com/pandasoft-zz/glut/internal/runner/runner.go:418.2,419.31 2 15
github.com/pandasoft-zz/glut/internal/runner/runner.go:419.31,421.3 1 1
github.com/pandasoft-zz/glut/internal/runner/runner.go:422.2,423.37 2 15
github.com/pandasoft-zz/glut/internal/runner/runner.go:423.37,425.3 1 0
github.com/pandasoft-zz/glut/internal/runner/runner.go:427.2,427.101 1 15
github.com/pandasoft-zz/glut/internal/runner/runner.go:427.101,429.3 1 0
github.com/pandasoft-zz/glut/internal/runner/runner.go:431.2,444.104 7 15
github.com/pandasoft-zz/glut/internal/runner/runner.go:444.104,447.3 2 0
github.com/pandasoft-zz/glut/internal/runner/runner.go:449.2,449.8 1 15
github.com/pandasoft-zz/glut/internal/runner/runner.go:452.54,453.30 1 16
github.com/pandasoft-zz/glut/internal/runner/runner.go:453.30,455.3 1 15
github.com/pandasoft-zz/glut/internal/runner/runner.go:456.2,456.13 1 16
github.com/pandasoft-zz/glut/internal/runner/runner.go:459.46,460.21 1 20
github.com/pandasoft-zz/glut/internal/runner/runner.go:460.21,462.3 1 1
github.com/pandasoft-zz/glut/internal/runner/runner.go:463.2,463.14 1 19
github.com/pandasoft-zz/glut/internal/runner/runner.go:466.35,469.2 2 23
github.com/pandasoft-zz/glut/internal/runner/runner.go:471.74,472.19 1 20
github.com/pandasoft-zz/glut/internal/runner/runner.go:472.19,473.38 1 16
github.com/pandasoft-zz/glut/internal/runner/runner.go:473.38,473.53 1 19
github.com/pandasoft-zz/glut/internal/runner/runner.go:476.2,476.52 1 4
github.com/pandasoft-zz/glut/internal/runner/runner.go:476.52,477.47 1 3
github.com/pandasoft-zz/glut/internal/runner/runner.go:477.47,479.4 1 3
github.com/pandasoft-zz/glut/internal/runner/runner.go:482.2,482.46 1 1
github.com/pandasoft-zz/glut/internal/runner/runner.go:482.46,484.3 1 1
github.com/pandasoft-zz/glut/internal/runner/runner.go:487.45,488.15 1 16
github.com/pandasoft-zz/glut/internal/runner/runner.go:489.76,490.13 1 15
github.com/pandasoft-zz/glut/internal/runner/runner.go:491.10,492.59 1 1
github.com/pandasoft-zz/glut/internal/runner/runner.go:496.75,497.31 1 34
github.com/pandasoft-zz/glut/internal/runner/runner.go:497.31,499.3 1 1
github.com/pandasoft-zz/glut/internal/runner/runner.go:500.2,500.22 1 34
github.com/pandasoft-zz/glut/internal/runner/runner.go:500.22,502.3 1 31
github.com/pandasoft-zz/glut/internal/runner/runner.go:504.2,508.49 5 3
github.com/pandasoft-zz/glut/internal/runner/runner.go:508.49,510.3 1 0
github.com/pandasoft-zz/glut/internal/runner/runner.go:511.2,511.12 1 3
github.com/pandasoft-zz/glut/internal/runner/runner.go:514.78,515.34 1 17
github.com/pandasoft-zz/glut/internal/runner/runner.go:515.34,517.3 1 16
github.com/pandasoft-zz/glut/internal/runner/runner.go:518.2,518.48 1 1
github.com/pandasoft-zz/glut/internal/runner/runner.go:521.64,522.36 1 19
github.com/pandasoft-zz/glut/internal/runner/runner.go:522.36,524.3 1 18
github.com/pandasoft-zz/glut/internal/runner/runner.go:525.2,525.33 1 1
github.com/pandasoft-zz/glut/internal/runner/runner.go:528.53,530.2 1 32
github.com/pandasoft-zz/glut/internal/runner/runner.go:532.45,533.16 1 3
github.com/pandasoft-zz/glut/internal/runner/runner.go:533.16,535.3 1 3
github.com/pandasoft-zz/glut/internal/runner/runner.go:536.2,537.16 2 0
github.com/pandasoft-zz/glut/internal/runner/runner.go:537.16,539.3 1 0
github.com/pandasoft-zz/glut/internal/runner/runner.go:540.2,540.19 1 0
github.com/pandasoft-zz/glut/internal/runner/runner.go:543.50,544.53 1 18
github.com/pandasoft-zz/glut/internal/runner/runner.go:544.53,545.31 1 17
github.com/pandasoft-zz/glut/internal/runner/runner.go:545.31,547.4 1 16
github.com/pandasoft-zz/glut/internal/runner/runner.go:549.2,549.14 1 2
github.com/pandasoft-zz/glut/internal/runner/runner.go:552.51,554.16 2 16
github.com/pandasoft-zz/glut/internal/runner/runner.go:554.16,556.3 1 0
github.com/pandasoft-zz/glut/internal/runner/runner.go:557.2,558.16 2 16
github.com/pandasoft-zz/glut/internal/runner/runner.go:558.16,560.3 1 0
github.com/pandasoft-zz/glut/internal/runner/runner.go:561.2,561.27 1 16
github.com/pandasoft-zz/glut/internal/runner/runner.go:564.60,568.16 4 32
github.com/pandasoft-zz/glut/internal/runner/runner.go:568.16,570.3 1 0
github.com/pandasoft-zz/glut/internal/runner/runner.go:571.2,571.47 1 32
github.com/pandasoft-zz/glut/internal/runner/runner.go:574.57,575.15 1 2
github.com/pandasoft-zz/glut/internal/runner/runner.go:575.15,577.3 1 0
github.com/pandasoft-zz/glut/internal/runner/runner.go:579.2,584.16 6 2
github.com/pandasoft-zz/glut/internal/runner/runner.go:584.16,586.3 1 1
github.com/pandasoft-zz/glut/internal/runner/runner.go:587.2,587.42 1 1
github.com/pandasoft-zz/glut/internal/runner/runner.go:590.80,592.33 2 15
github.com/pandasoft-zz/glut/internal/runner/runner.go:592.33,593.20 1 48
github.com/pandasoft-zz/glut/internal/runner/runner.go:593.20,594.12 1 40
github.com/pandasoft-zz/glut/internal/runner/runner.go:596.3,596.38 1 8
github.com/pandasoft-zz/glut/internal/runner/runner.go:598.2,598.17 1 15
github.com/pandasoft-zz/glut/internal/runner/runner.go:601.57,602.40 1 17
github.com/pandasoft-zz/glut/internal/runner/runner.go:602.40,604.3 1 1
github.com/pandasoft-zz/glut/internal/runner/runner.go:605.2,605.58 1 16
github.com/pandasoft-zz/glut/internal/runner/runner.go:613.17,614.17 1 17
github.com/pandasoft-zz/glut/internal/runner/runner.go:614.17,616.3 1 0
github.com/pandasoft-zz/glut/internal/runner/runner.go:618.2,618.24 1 17
github.com/pandasoft-zz/glut/internal/runner/runner.go:618.24,620.3 1 1
github.com/pandasoft-zz/glut/internal/runner/runner.go:622.2,622.40 1 16
github.com/pandasoft-zz/glut/internal/runner/runner.go:622.40,624.50 2 11
github.com/pandasoft-zz/glut/internal/runner/runner.go:624.50,627.47 3 1
github.com/pandasoft-zz/glut/internal/runner/runner.go:627.47,629.5 1 0
github.com/pandasoft-zz/glut/internal/runner/runner.go:631.3,631.19 1 11
github.com/pandasoft-zz/glut/internal/runner/runner.go:634.2,634.47 1 5
github.com/pandasoft-zz/glut/internal/runner/runner.go:634.47,636.3 1 0
github.com/pandasoft-zz/glut/internal/runner/runner.go:637.2,637.19 1 5
github.com/pandasoft-zz/glut/internal/runner/runner.go:640.81,642.33 2 2
github.com/pandasoft-zz/glut/internal/runner/runner.go:642.33,644.3 1 10
github.com/pandasoft-zz/glut/internal/runner/runner.go:645.2,645.12 1 2
github.com/pandasoft-zz/glut/internal/runner/runner.go:648.45,649.20 1 3
github.com/pandasoft-zz/glut/internal/runner/runner.go:649.20,651.3 1 2
github.com/pandasoft-zz/glut/internal/runner/runner.go:653.2,654.27 2 1
github.com/pandasoft-zz/glut/internal/runner/runner.go:654.27,656.3 1 2
github.com/pandasoft-zz/glut/internal/runner/runner.go:657.2,657.15 1 1
